==== Generic Chronicle Battle Runtime Harness (iter 20) ====
settings path: C:\Reloaded-II\Mods\fftivc.generic.chronicle.codemod\battle-runtime-settings.json
[RUNTIME-INIT] settings: RewriteObservedDamage=False, RewriteObservedHealing=False, RewriteObservedMpLoss=False, RewriteObservedMpGain=False, DryRunRewrites=False, ProofFinalDamage=1, ProofFinalHealing=1, ProofFinalMpLoss=1, ProofFinalMpGain=1, FlatDamageReduction=0, RewriteConditionFormula=off, FinalDamageFormula=off, DclPipelineEnabled=True, DclDamageFormula=off, DclHealingFormula=off, DclMpDebitFormula=off, DclMpCreditFormula=off, DclComputePointNumericEnabled=False, DclComputePointCacheTtlMs=5000, DclResultFlagsControl=False/preserve=0x0F, DclPhysicalContestEnabled=False, DclMagicEvadeEnabled=False, DclActionContextMaxAgeMs=5000, DclDecisionMaxLogs=128, DclDerivedVariables=0, DclStatusControlEnabled=False, DclStatusRules=0, DclInstantKoControlEnabled=False, DclInstantKoRules=0, DclReactionTaxonomyEnabled=True, DclReactionRules=1, DclReactionCommitProbeEnabled=True, DclReactionPreSelectorProbeEnabled=True, DclReactionProducer=False/log-only, DclReactionDeliveryValidationProbeEnabled=True, DclReactionMaterializationProbeEnabled=True, DclReactionOrderRewrite=False/log-only, DclSyntheticReaction=True/live/owner=443/delivery=442/successful-hit-survivor, DclReactionEffectProbeEnabled=True, DclAutoPotionConsumeProbeEnabled=False, DclWeaponLineOfFireProbeEnabled=False, DclCalcProvenanceProbeEnabled=False, DclReactionActionReplacement=False/log-only, DclReactionRetarget=False/log-only, MpRewriteConditionFormula=off, FinalMpChangeFormula=off, FormulaVariables=0, FormulaPreActionVariables=0, FormulaPreResponseVariables=0, FormulaDerivedVariables=0, FormulaTraceVariables=0, FormulaTables=0, FormulaMatrices=0, FormulaMaps=0, ItemCatalogPath=item_catalog.csv, AbilityCatalogPath=wotl_ability_action_baseline.csv, DclAbilityMetadataPath=, ActionSignalRules=0, DamageRules=0, MpRules=0, ApplyEquipmentDr=False, EquipmentSlots=0, AttackerEquipmentSlots=0, EquipmentDrRules=0, ApplyDamageResponseRules=False, DamageResponseRules=0, DamageResponseClamp=0-10000, AffectAllies=True, AffectFoes=True, InferAttackerFromRecentUnits=False, RecentAttackerWindowMs=1500, ResolveAttackerByCt=False, CtDropWindowMs=4000, ResolveAttackerByLowCtFallback=False, CtLowFallbackMaxCt=20, CtLowFallbackWindowMs=1500, LogCtResolutionDiagnostics=False, ResolveCounterFromRecentDamage=False, CounterEventWindowMs=1500, LogAttackerCandidates=True, LogResolvedRuntimeContext=False, UnitPollIntervalMs=25, MaxTrackedBattleUnits=64, SuppressOwnRewriteEchoWindowMs=1000, MemoryTableProbes=0/0 enabled, LogUnknownFieldDiffs=True, UnknownDiff=0x44-0x17F, CaptureStructOnDeath=False, CauseDeathOnZeroHp=False, DeathStateWrites=0, MinHpFloor=0, HookRegisterProbe=False/32, HookRegisterProbeOnHpEvent=False, HookRegisterProbeOnMpEvent=False, HookRegisterProbeOnCtDrop=False, HookRegisterProbeOnActionBoundary=False, HookRegisterProbeOnPendingResolve=False, HookRegisterProbeOnTargetCache=False, HookRegisterProbeEventMaxLogs=64, HookRegisterProbeStackSlots=0, HookRegisterProbePointerScanBytes=0, HookRegisterProbePointerMaxLogs=64, HookRegisterProbePointerMaxPointersPerRoot=8, LandmarkProbeEnabled=False, LandmarkProbeMaxLogs=160, LandmarkProbeStackSlots=16, LandmarkProbes=0/0 enabled, ResultSelectorProbeEnabled=False, ResultSelectorProbeRva=0x205210, ResultSelectorProbeActorRegister=r8, ResultSelectorProbeRecordUnitOffset=0x148, ResultSelectorProbeMaxLogs=256, ResultSelectorProbeRecordDumpBytes=64, PreClampDamageRewriteEnabled=False, PreClampDamageRewriteRva=0x30A5D7, PreClampDamageRewriteTargetCharId=-1, PreClampDamageRewriteExpectedDebit=-1, PreClampDamageRewriteForcedDebit=-1, PreClampDamageRewriteMaxWrites=1, PreClampManagedCallbackEnabled=False, PreClampManagedCallbackForcedDebit=-1, PreClampManagedCallbackActorFormulaEnabled=False, PreClampManagedCallbackPaMultiplier=10, PreClampManagedCallbackStackScanBytes=256, PreClampPointerScanBytes=0, PreClampPointerMaxLogs=64, PreClampPointerMaxPointersPerRoot=8, PreClampActorStructDumpEnabled=False, PreClampActorStructDumpBytes=512, PreClampActorStructUnitOffset=0x148, PreClampActorStructDumpMaxLogs=32, PreClampResolveActorContext=False, PreClampActorActionIdOffset=0x142, PreClampActorContextMaxLogs=64, PreClampLogEquipment=False, PreClampEquipBlockOffset=0x1A, PreClampEquipMaxLogs=64, LogPreClampFormulaCandidates=False/64, PreClampFormulaCandidateRequirePendingMatch=True, PreClampFormulaCandidateAllowImmediateAction=False, PreClampImmediateActionMinScore=1800, PreClampImmediateActionMinMargin=300, PreClampImmediateActionMaxAgeMs=1500, PreClampImmediateActionRequireFreshActive=True, PreClampImmediateActionAllowZeroActionId=False, PreClampImmediateActionPlanMaxWrites=1, PreClampImmediateActionPlanRequireExpectedHp=True, PreClampImmediateActionPlanEagerTargets=False, PreClampImmediateActionNearbyUnitScanRadius=8, PreClampFormulaPlanEnabled=False, PreClampFormulaPlanSlots=16, PreClampFormulaPlanWindowMs=3000, PreClampFormulaPlanMaxWrites=1, PreClampFormulaPlanRequirePhaseZero=True, ActorProbeOnEvent=False, ActorProbe=0x40-0x44, LogHpEventProbe=False/32, HpEventProbeDiffMax=64, HpEventProbeDumpRaw=False, LogActionBoundaryProbe=False/96, ActionBoundaryProbeDiffMax=32, LogPendingActionCandidatesOnEvent=False, LogAllPendingActionCandidates=False, PendingActionCandidateMaxUnits=16, LogImmediateActionCandidatesOnEvent=False, ImmediateActionCandidateMaxUnits=16, LogActionStateChanges=False, TrackPendingActions=False, PendingActionResolveWindowMs=5000, PendingActionMaxBatchEvents=16, PendingActionStaleMs=30000
[RUNTIME-INIT] item catalog: 261 items from C:\Reloaded-II\Mods\fftivc.generic.chronicle.codemod\item_catalog.csv
[RUNTIME-INIT] ability catalog: 512 abilities from C:\Reloaded-II\Mods\fftivc.generic.chronicle.codemod\wotl_ability_action_baseline.csv; DCL metadata disabled
EnabledMods: fftivc.utility.modloader, fftivc.generic.chronicle.codemod
ACTIVE MODS (3): reloaded.sharedlib.hooks, Reloaded.Memory.SigScan.ReloadedII, fftivc.utility.modloader
data mod fftivc.generic.chronicle loaded? False
[PRECLAMP-REWRITE-HOOK] rva=0x30A5D7 addr=0x14030A5D7 targetId=any expectedDebit=any expectedCredit=any forcedDebit=any forcedCredit=any maxWrites=1 logOnly=0 planEnabled=0 planSlots=16 managedCallback=1 managedForcedDebit=any managedActorFormula=0 dclPipeline=1 dclHpDebit=off dclHpCredit=off dclMpDebit=off dclMpCredit=off
[DCL-REACTION-COMMIT-HOOK] pass=2 rva=0x206421 addr=0x140206421 actor=rbx maxLogs=128 expected=40 88 B3 D3 01 00 00 replacement=off retarget=off (guarded commit probe/control)
[DCL-REACTION-COMMIT-HOOK] pass=0 rva=0x2066AE addr=0x1402066AE actor=rbx maxLogs=128 expected=40 88 B3 D3 01 00 00 replacement=off retarget=off (guarded commit probe/control)
[DCL-REACTION-COMMIT-HOOK] pass=1 rva=0x206743 addr=0x140206743 actor=rdi maxLogs=128 expected=40 88 B7 D3 01 00 00 replacement=off retarget=off (guarded commit probe/control)
[DCL-REACTION-PRESELECT-HOOK] rva=0x2063A9 addr=0x1402063A9 maxLogs=128 expected=48 8D 4D D2 E8 86 CA 07 00 producer=off synthetic=live:carrier=443:delivery=442
[DCL-REACTION-DELIVERY-VALIDATION-HOOK] stage=typed rva=0x283148 addr=0x140283148 expected=85 C0 75 14 44 88 67 01 C6 47 0A 05
[DCL-REACTION-DELIVERY-VALIDATION-HOOK] stage=final rva=0x28315C addr=0x14028315C expected=85 C0 74 5D BA 14 00 00 00
[DCL-REACTION-MATERIALIZED-HOOK] rva=0x2831BD addr=0x1402831BD maxLogs=128 expected=48 8B CB E8 6F F0 FF FF 0F B7 35 24 7E 5E 01 stage=special-pre-target-build rewrite=off carrier=-1 action=False:-1/-1 retargetSource=False maxWrites=1 synthetic=live:carrier=443:delivery=442
[DCL-REACTION-EFFECT-HOOK] rva=0x212C2E addr=0x140212C2E maxLogs=128 expected=66 44 01 70 0C (observe-only)
[DCL-REACTION-TAXONOMY-TAIL] rva=0x309FA1 rules=1 expected=48 83 C4 40 41 5F 41 5E
[CALC-PROBE-HOOK] rva=0x3099AC addr=0x1403099AC probe=on buf=0x5A64D60 ring=64 provenance=off evadeStamp=off hitControl=off previewAmounts=off reactionTaxonomy=ON
[DCL-REACTION-HOOK] site=R1 rva=0x30BDEE idReg=r11d taxonomy=1 suppressMisses=0 expected=E8 75 D0 F6 FF
[DCL-REACTION-HOOK] site=R2 rva=0x30BE44 idReg=ebx taxonomy=1 suppressMisses=0 expected=E8 1F D0 F6 FF
[DCL-REACTION-HOOK] site=R3 rva=0x30BE9A idReg=ebx taxonomy=1 suppressMisses=0 expected=E8 C9 CF F6 FF
[DCL-REACTION-HOOK] site=R4 rva=0x30BEDA idReg=r11d taxonomy=1 suppressMisses=0 expected=E8 89 CF F6 FF
[FOUND] battle_base_ptr module+0x226D20
[HOOK] validation harness @ 0x140226D20 (read-only).
[UNIT ptr=0x141855CE0 id=0x80 ally t0] Lv71 HP277 MP41 PA15 MA7 Sp16 CT12 Mv6 Jp4 Br97 Fa72
[DUMP ptr=0x141855CE0 id=0x80] 80 10 03 59 00 08 90 03 D2 40 DD 01 00 00 00 00 | 00 00 14 06 BB 01 DA 01 E7 01 A8 00 C5 00 EC 00 | 11 00 FF 00 12 00 FF 00 3B 47 61 61 48 48 01 00 | 15 01 15 01 29 00 29 00 0F 07 0C 00 00 04 0F 07 | 10 0C 06 04 0F 0F 0A 05 00 00 00 1E 00 00 00 0A | 05 01 E0 40 06 BF 00 00 00 20 40 00 00 00 00 00 | 0C 00 00 30 40 00 00 00 00 00 00 00 00 00 00 00 | 00 00 00 00 00 00 00 00 00 00 00 EC 66 38 92 FD | 14 DC A5 02 E4 19 03 5E 5F 02 0C 46 0D 32 50 78 | 2B 7A 32 4B 00 00 04 00 00 00 09 00 40 00 00 FF | FF 50 60 00 9C FE 3C F8 04 00 10 C4 00 10 FF 00 | F8 C8 A0 00 C8 80 00 00 00 00 00 00 00 FF 00 FC | 09 40 00 10 00 00 20 00 40 8C 00 40 00 00 40 FF | F0 F0 00 00 00 80 00 00 00 00 00 00 00 00 00 00 | 00 00 00 00 88 75 83 54 68 54 66 78 14 01 42 00 | 88 0A 5D 01 9D 06 AF 00 4E 01 C7 01 69 04 05 04 | BB 06 FC 04 45 03 D7 02 C3 04 2D 02 24 06 02 22 | 9F 00 0C 03 00 00 96 00 1C 03 00 00 00 00 A8 0D | 0F 13 27 09 65 04 02 16 53 02 69 04 05 04 BB 06 | B8 11 9D 05 D7 02 E9 06 09 08 E0 08 0F 27 9F 00 | 70 03 00 00 96 00 1C 03 C8 00 00 00 52 69 6F 6E | 00 77 75 6C 66 00 00 00 00 00 00 00 00 00 00 00 | 00 00 00 00 00 00 00 00 00 00 00 00 00 00 00 00 | 00 00 00 00 00 00 00 00 00 00 00 00 00 00 00 00 | 00 00 00 00 00 00 00 00 00 00 00 00 00 FF 00 7E | 00 78 00 00 00 00 00 00 00 00 00 00 00 00 00 00 | 00 00 00 00 00 00 00 00 00 00 00 00 00 00 00 00 | 00 00 00 00 00 01 00 00 01 00 00 00 10 00 01 00 | 00 00 00 00 00 00 00 00 00 00 00 00 00 00 00 00 | 00 00 00 00 00 00 00 00 00 00 00 00 00 00 00 00 | 00 00 00 00 00 00 00 00 00 00 64 00 00 00 08 00 | 00 10 00 00 38 FF 00 00 00 00 00 00 65 01 00 00
[CANDIDATES ptr=0x141855CE0 id=0x80] bytes[44-83] +0x44=15 +0x45=15 +0x46=10 +0x47=5 +0x4B=30 +0x4F=10 +0x50=5 +0x51=1 +0x52=224 +0x53=64 +0x54=6 +0x55=191 +0x59=32 +0x5A=64 | words<=511 +0x50w=261 +0x5Aw=64 +0x60w=12 +0x64w=64 || bytes[84-C3] +0x84=228 +0x85=25 +0x86=3 +0x87=94 +0x88=95 +0x89=2 +0x8A=12 +0x8B=70 +0x8C=13 +0x8D=50 +0x8E=80 +0x8F=120 +0x90=43 +0x91=122 | words<=511 +0x96w=4 +0x9Aw=9 +0x9Cw=64 +0xA2w=96 +0xA8w=4 +0xAEw=255 +0xB2w=160 || bytes[C4-103] +0xC6=32 +0xC8=64 +0xC9=140 +0xCB=64 +0xCE=64 +0xCF=255 +0xD0=240 +0xD1=240 +0xD5=128 +0xE4=136 +0xE5=117 +0xE6=131 +0xE7=84 +0xE8=104 | words<=511 +0xC6w=32 +0xECw=276 +0xEEw=66 +0xF2w=349 +0xF6w=175 +0xF8w=334 +0xFAw=455 || bytes[104-143] +0x104=69 +0x105=3 +0x106=215 +0x107=2 +0x108=195 +0x109=4 +0x10A=45 +0x10B=2 +0x10C=36 +0x10D=6 +0x10E=2 +0x10F=34 +0x110=159 +0x112=12 | words<=511 +0x110w=159 +0x116w=150 +0x13Ew=159 || bytes[144-17F] +0x144=150 +0x146=28 +0x147=3 +0x148=200 +0x14C=82 +0x14D=105 +0x14E=111 +0x14F=110 +0x151=119 +0x152=117 +0x153=108 +0x154=102 | words<=511 +0x144w=150 +0x148w=200 +0x154w=102
[UNIT ptr=0x1418548E0 id=0x81 foe  t3] Lv71 HP396 MP53 PA11 MA9 Sp12 CT84 Mv3 Jp3 Br45 Fa50
[DUMP ptr=0x1418548E0 id=0x81] 81 06 FF 4D 03 50 40 03 35 71 00 00 00 00 00 00 | 00 00 08 05 00 00 DF 01 00 00 A8 00 C6 00 E2 00 | 59 00 FF 00 FF 00 FF 00 3C 47 2D 2D 32 32 00 00 | 8C 01 8C 01 35 00 35 00 0B 09 0A 00 00 02 0B 09 | 0C 54 03 03 0A 00 00 00 00 00 00 0A 00 00 00 01 | 02 03 80 18 16 BF 00 00 00 00 00 00 10 04 02 82 | 0C 00 00 00 00 00 00 00 00 00 00 00 00 00 00 00 | 00 00 00 00 00 00 00 00 00 00 FF 81 17 31 5B 74 | 14 0E 8A 02 60 85 02 24 F7 02 0B 64 10 41 64 64 | 2D 6E 32 50 00 00 00 00 00 00 00 40 00 00 00 F0 | 00 00 60 00 10 82 04 00 00 00 00 00 00 00 00 00 | 00 00 00 00 00 00 00 00 00 00 00 00 00 00 00 00 | 00 00 00 00 00 00 00 00 00 00 00 00 00 00 00 00 | 00 00 00 00 00 00 00 00 00 00 00 00 00 00 00 00 | 00 00 00 00 21 11 11 11 11 11 11 11 10 11 00 00 | 2E 00 08 00 A8 00 A4 00 8E 00 BE 00 8A 00 9B 00 | 90 00 C4 00 BF 00 83 00 8C 00 A7 00 7A 00 B3 00 | A6 00 00 00 79 00 67 00 00 00 00 00 00 00 0A 01 | C6 00 A8 00 A4 00 8E 00 BE 00 8A 00 9B 00 90 00 | C4 00 BF 00 83 00 8C 00 A7 00 7A 00 B3 00 A6 00 | 00 00 79 00 67 00 00 00 00 00 00 00 00 00 00 00 | 00 00 00 00 00 00 00 00 00 00 00 00 00 00 00 00 | 00 00 00 00 00 00 00 00 00 00 00 00 00 00 00 00 | 00 00 00 00 00 00 00 00 00 00 00 00 00 00 00 00 | 00 00 00 00 00 00 00 00 00 00 00 00 00 FF 00 67 | 00 F8 00 00 00 00 00 00 00 00 00 00 00 00 00 00 | 00 00 00 00 00 00 00 00 00 00 00 00 00 00 00 00 | 00 00 00 00 00 01 00 00 00 00 00 00 06 00 01 00 | 00 00 00 00 00 00 00 00 00 00 00 00 00 00 00 00 | 00 00 00 00 00 00 00 00 00 00 00 00 00 00 00 00 | 00 00 00 00 00 00 00 00 00 00 64 00 00 00 50 00 | 00 00 00 00 00 FF 00 00 00 00 00 00 D8 02 00 00
[CANDIDATES ptr=0x1418548E0 id=0x81] bytes[44-83] +0x44=10 +0x4B=10 +0x4F=1 +0x50=2 +0x51=3 +0x52=128 +0x53=24 +0x54=22 +0x55=191 +0x5C=16 +0x5D=4 +0x5E=2 +0x5F=130 +0x60=12 | words<=511 +0x44w=10 +0x4Ew=256 +0x60w=12 || bytes[84-C3] +0x84=96 +0x85=133 +0x86=2 +0x87=36 +0x88=247 +0x89=2 +0x8A=11 +0x8B=100 +0x8C=16 +0x8D=65 +0x8E=100 +0x8F=100 +0x90=45 +0x91=110 | words<=511 +0xA2w=96 +0xA6w=4 || bytes[C4-103] +0xE4=33 +0xE5=17 +0xE6=17 +0xE7=17 +0xE8=17 +0xE9=17 +0xEA=17 +0xEB=17 +0xEC=16 +0xED=17 +0xF0=46 +0xF2=8 +0xF4=168 +0xF6=164 | words<=511 +0xF0w=46 +0xF2w=8 +0xF4w=168 +0xF6w=164 +0xF8w=142 +0xFAw=190 +0xFCw=138 +0xFEw=155 +0x100w=144 +0x102w=196 || bytes[104-143] +0x104=191 +0x106=131 +0x108=140 +0x10A=167 +0x10C=122 +0x10E=179 +0x110=166 +0x114=121 +0x116=103 +0x11E=10 +0x11F=1 +0x120=198 +0x122=168 +0x124=164 | words<=511 +0x104w=191 +0x106w=131 +0x108w=140 +0x10Aw=167 +0x10Cw=122 +0x10Ew=179 +0x110w=166 +0x114w=121 +0x116w=103 +0x11Ew=266 || bytes[144-17F] +0x144=103 | words<=511 +0x144w=103
[CALC] n=0 rec=0x141855E80 casterSlot=16 casterIdx=16 type=0x14 abilityId=382 (0x017E) payload=122 targetIdx=6 casterTeam=0 turnOwner=16
[CALC] n=1 rec=0x141855E80 casterSlot=16 casterIdx=16 type=0x14 abilityId=382 (0x017E) payload=123 targetIdx=6 casterTeam=0 turnOwner=16
[CALC] n=2 rec=0x141855E80 casterSlot=16 casterIdx=16 type=0x14 abilityId=382 (0x017E) payload=124 targetIdx=6 casterTeam=0 turnOwner=16
[CALC] n=3 rec=0x141855E80 casterSlot=16 casterIdx=16 type=0x14 abilityId=393 (0x0189) payload=125 targetIdx=6 casterTeam=0 turnOwner=16
[CALC] n=4 rec=0x141855E80 casterSlot=16 casterIdx=16 type=0x14 abilityId=393 (0x0189) payload=126 targetIdx=6 casterTeam=0 turnOwner=16
[CALC] n=5 rec=0x141855E80 casterSlot=16 casterIdx=16 type=0x14 abilityId=393 (0x0189) payload=127 targetIdx=6 casterTeam=0 turnOwner=16
[CALC] n=6 rec=0x141855E80 casterSlot=16 casterIdx=16 type=0x14 abilityId=384 (0x0180) payload=22 targetIdx=6 casterTeam=0 turnOwner=16
[DCL-MISS] reason=no-confirmed-execution-calc miss=1 target=0x80 targetIdx=16 now=139526172877
[DIFF ptr=0x141855CE0 id=0x80] +0x4F:0A->06 +0x50:05->03 +0x51:01->00
[CALC] n=7 rec=0x141855E80 casterSlot=16 casterIdx=16 type=0x14 abilityId=382 (0x017E) payload=124 targetIdx=6 casterTeam=0 turnOwner=16
[DCL-REACTION-COMMIT-NOISE] event=1 pass=1 actor=0x140D31558 reactorIdx=4 sourceIdx=16 reactionId=382 actor18C=382 actor142=382 idsAgree=True record=0x141855CE0 targetCount=0 targets=[] replacement=none retarget=none:-1 noiseReason=non-reaction-id now=139598324135
[CALC] n=8 rec=0x141855E80 casterSlot=16 casterIdx=16 type=0x14 abilityId=382 (0x017E) payload=124 targetIdx=6 casterTeam=0 turnOwner=16
[DCL] caster=0x80 target=0x81 abilityId=382 ability=Throw Shuriken actionType=0x14 result=84 debit=84 oldDebit=84 credit=0 oldCredit=0 mpDebit=0 oldMpDebit=0 mpCredit=0 oldMpCredit=0 flags=0x80->0x80 computePoint=0
[DAMAGE ptr=0x1418548E0 id=0x81] 396 -> 312 = 84 sampleAgeMs=26
[CTX ptr=0x1418548E0 id=0x81] resolved=none attackerCandidates=none
[DCL-REACTION-EFFECT] event=1 state=0x2C actor=0x140D31558 actorIdx=4 sourceIdx=16 reactionId=382 actionId=382 targetCount=1 targets=[6] now=139609703528
[DIFF ptr=0x141855CE0 id=0x80] +0x51:00->01 +0x10E:02->37
[DCL-REACTION-PRESELECT] event=1 sourceIdx=16 evalReactionId=0 actor=0x140D31558 actorIdx=4 actor142=382 actor18C=382 record=0x141855CE0 recordIdx=16 candidates=[] producer=none:unit=-1:carrier=-1 syntheticStates=[]:carrier=443:delivery=442 now=139621770879
[UNIT ptr=0x141855CE0 id=0x80 ally t0] Lv71 HP277 MP41 PA15 MA7 Sp16 CT44 Mv6 Jp4 Br97 Fa72
[UNIT ptr=0x1418548E0 id=0x81 foe  t3] Lv71 HP396 MP53 PA11 MA9 Sp12 CT8 Mv3 Jp3 Br45 Fa50
[CALC] n=9 rec=0x141854A80 casterSlot=6 casterIdx=6 type=0x01 abilityId=0 (0x0000) payload=89 targetIdx=16 casterTeam=3 turnOwner=6
[CALC] n=10 rec=0x141854A80 casterSlot=6 casterIdx=6 type=0x05 abilityId=148 (0x0094) payload=0 targetIdx=16 casterTeam=3 turnOwner=6
[DIFF ptr=0x1418548E0 id=0x81] +0x4F:01->02 +0x50:02->04 +0x51:03->02
[CALC] n=11 rec=0x141854A80 casterSlot=6 casterIdx=6 type=0x01 abilityId=0 (0x0000) payload=89 targetIdx=16 casterTeam=3 turnOwner=6
[DCL-REACTION-COMMIT-NOISE] event=2 pass=1 actor=0x140D30AC8 reactorIdx=2 sourceIdx=6 reactionId=0 actor18C=0 actor142=0 idsAgree=True record=0x1418548E0 targetCount=0 targets=[] replacement=none retarget=none:-1 noiseReason=non-reaction-id now=139739881761
[DCL-REACTION-EFFECT] event=2 state=0x2C actor=0x140D30AC8 actorIdx=2 sourceIdx=6 reactionId=0 actionId=0 targetCount=1 targets=[16] now=139740942598
[CALC] n=12 rec=0x141854A80 casterSlot=6 casterIdx=6 type=0x01 abilityId=0 (0x0000) payload=89 targetIdx=16 casterTeam=3 turnOwner=6
[DCL-REACTION-PRESELECT] event=2 sourceIdx=6 evalReactionId=0 actor=0x140D30AC8 actorIdx=2 actor142=0 actor18C=0 record=0x1418548E0 recordIdx=6 candidates=[] producer=none:unit=-1:carrier=-1 syntheticStates=[]:carrier=443:delivery=442 now=139755149108
[DIFF ptr=0x1418548E0 id=0x81] +0x51:02->03
[UNIT ptr=0x141855CE0 id=0x80 ally t0] Lv71 HP277 MP41 PA15 MA7 Sp16 CT60 Mv6 Jp4 Br97 Fa72
[UNIT ptr=0x1418548E0 id=0x81 foe  t3] Lv71 HP396 MP53 PA11 MA9 Sp12 CT20 Mv3 Jp3 Br45 Fa50
[UNIT ptr=0x141853CE0 id=0x82 foe  t3] Lv68 HP332 MP25 PA16 MA51 Sp11 CT10 Mv6 Jp5 Br67 Fa55
[DUMP ptr=0x141853CE0 id=0x82] 82 00 FF 5E 03 50 20 03 58 00 F7 01 00 00 BA 01 | 00 00 B0 00 BA 01 00 00 00 00 00 00 00 00 00 00 | 00 00 FF 00 00 00 FF 00 47 44 43 43 37 37 01 00 | 4C 01 4C 01 19 00 19 00 10 33 0B 00 00 00 10 33 | 0B 0A 06 05 00 00 00 00 00 00 00 0F 00 00 00 02 | 03 03 80 00 00 00 00 00 00 00 00 00 00 04 00 00 | 00 00 00 00 00 00 00 00 00 00 00 00 00 00 00 00 | 00 00 00 00 00 00 00 00 00 00 00 9C EC 4C F2 6E | 06 DF 59 02 21 18 04 A8 99 0D 08 6C 1E 64 4B 77 | 23 62 07 5E 00 00 08 00 00 00 00 00 00 00 40 00 | 00 00 00 00 00 00 00 00 00 00 00 00 00 00 00 00 | 00 00 00 00 00 00 00 00 00 00 00 00 00 00 00 00 | 00 00 00 00 00 00 00 00 00 00 00 00 00 00 00 00 | 00 00 00 00 00 00 00 00 00 00 00 00 00 00 00 00 | 00 00 00 00 00 00 00 00 00 00 00 00 00 00 00 00 | 00 00 00 00 00 00 00 00 00 00 00 00 00 00 00 00 | 00 00 00 00 00 00 00 00 00 00 00 00 00 00 00 00 | 00 00 00 00 00 00 00 00 00 00 00 00 00 00 00 00 | 00 00 00 00 00 00 00 00 00 00 00 00 00 00 00 00 | 00 00 00 00 00 00 00 00 00 00 00 00 00 00 00 00 | 00 00 00 00 00 00 00 00 00 00 00 00 00 00 00 00 | 00 00 00 00 00 00 00 00 00 00 00 00 00 00 00 00 | 00 00 00 00 00 00 00 00 00 00 00 00 00 00 00 00 | 00 00 00 00 00 00 00 00 00 00 00 00 00 00 00 00 | 00 00 00 00 00 00 00 00 00 00 00 00 00 FF 01 86 | 00 FE 00 00 00 00 00 00 00 00 00 00 00 00 00 00 | 00 00 00 00 00 00 00 00 00 00 00 00 00 00 00 00 | 00 00 00 00 00 01 00 00 01 00 00 00 00 00 01 00 | 00 00 00 00 00 00 00 00 00 00 00 00 00 00 00 00 | 00 00 00 00 00 00 00 00 00 00 00 00 00 00 00 00 | 00 00 00 00 00 00 00 00 00 00 64 00 00 00 50 00 | 00 00 00 00 00 FF 00 00 00 00 00 00 DD 03 00 00
[CANDIDATES ptr=0x141853CE0 id=0x82] bytes[44-83] +0x4B=15 +0x4F=2 +0x50=3 +0x51=3 +0x52=128 +0x5D=4 +0x7B=156 +0x7C=236 +0x7D=76 +0x7E=242 +0x7F=110 +0x80=6 +0x81=223 +0x82=89 | words<=511 +0x52w=128 || bytes[84-C3] +0x84=33 +0x85=24 +0x86=4 +0x87=168 +0x88=153 +0x89=13 +0x8A=8 +0x8B=108 +0x8C=30 +0x8D=100 +0x8E=75 +0x8F=119 +0x90=35 +0x91=98 | words<=511 +0x96w=8 +0x9Ew=64 || bytes[C4-103] none | words<=511 none || bytes[104-143] none | words<=511 none || bytes[144-17F] none | words<=511 none
[CALC] n=13 rec=0x141853E80 casterSlot=0 casterIdx=0 type=0xB0 abilityId=265 (0x0109) payload=0 targetIdx=16 casterTeam=3 turnOwner=0
[CALC] n=14 rec=0x141853E80 casterSlot=0 casterIdx=0 type=0xB0 abilityId=265 (0x0109) payload=0 targetIdx=16 casterTeam=3 turnOwner=0
[DIFF ptr=0x141853CE0 id=0x82] +0x4F:02->06 +0x50:03->04
[CALC] n=15 rec=0x141853E80 casterSlot=0 casterIdx=0 type=0xB0 abilityId=265 (0x0109) payload=0 targetIdx=16 casterTeam=3 turnOwner=0
[DCL-REACTION-COMMIT-NOISE] event=3 pass=1 actor=0x140D30038 reactorIdx=0 sourceIdx=0 reactionId=265 actor18C=265 actor142=265 idsAgree=True record=0x141853CE0 targetCount=0 targets=[] replacement=none retarget=none:-1 noiseReason=non-reaction-id now=139844103954
[CALC] n=16 rec=0x141853E80 casterSlot=0 casterIdx=0 type=0xB0 abilityId=265 (0x0109) payload=0 targetIdx=16 casterTeam=3 turnOwner=0
[DCL-REACTION-EFFECT] event=3 state=0x2C actor=0x140D30038 actorIdx=0 sourceIdx=0 reactionId=265 actionId=265 targetCount=1 targets=[16] now=139855772150
[DCL-SYNTHETIC-REACTION-GATE] carrier=443 delivery=442 defender=0x80 defenderTableIdx=16 sourceIdx=0 sourceChar=0x82 actionType=0xB0 ability=265 sourceEpoch=0 hitKnown=1 hit=1 chance=100 roll=0 accepted=1 replay=0 mailbox=armed reason=accepted
[DCL] caster=0x82 target=0x80 abilityId=265 ability=Choco Beak actionType=0xB0 result=240 debit=240 oldDebit=240 credit=0 oldCredit=0 mpDebit=0 oldMpDebit=0 mpCredit=0 oldMpCredit=0 flags=0x81->0x81 computePoint=0
[DAMAGE ptr=0x141855CE0 id=0x80] 277 -> 37 = 240 sampleAgeMs=27
[CTX ptr=0x141855CE0 id=0x80] resolved=none attackerCandidates=none
[DCL-REACTION-COMMIT] event=4 pass=2 actor=0x140D31558 reactorIdx=4 sourceIdx=0 reactionId=442 actor18C=442 actor142=442 idsAgree=True record=0x141855CE0 targetCount=1 targets=[6] replacement=none retarget=none:6 noiseReason=none now=139875643936
[DCL-REACTION-PRESELECT] event=3 sourceIdx=0 evalReactionId=0 actor=0x140D30038 actorIdx=0 actor142=265 actor18C=265 record=0x141853CE0 recordIdx=0 candidates=[0:442:active=True] producer=synthetic-staged:unit=-1:carrier=-1 syntheticStates=[]:carrier=443:delivery=442 now=139875643936
[DCL-REACTION-DELIVERY-VALIDATION] event=1 stage=final reactorIdx=16 sourceIdx=0 reactionId=442 result=0 accepted=1 unit=0x141855CE0 order=0x141855E80 actionType=1 actionId=0 targetMode=5 targetIdx=0 syntheticState=2->2 now=139875643936
[DCL-REACTION-MATERIALIZED] event=1 reactorIdx=16 sourceIdx=0 reactionId=442 unit=0x141855CE0 order=0x141855E80 casterIdx=16 actionType=1 actionId=0 itemId=124 targetMode=5 targetIdx=0 target=(6,0,4) raw=10010000000000007C000500060000000400FFFF rewrite=none originalActionType=1 originalActionId=0 rewriteWrites=0 syntheticDelivery=owned now=139875643936
[DCL-SYNTHETIC-REACTION-COMMIT] carrier=443 delivery=442 defender=0x80 defenderTableIdx=16 sourceIdx=0 actionType=0xB0 ability=265 sourceEpoch=0 cadence=consumed ownership=materialized-delivery-owned
[CALC] n=17 rec=0x141855E80 casterSlot=16 casterIdx=16 type=0x01 abilityId=0 (0x0000) payload=124 targetIdx=0 casterTeam=0 turnOwner=0
[DCL] caster=0x80 target=0x82 abilityId=0 ability=<Nothing> actionType=0x01 result=189 debit=189 oldDebit=189 credit=0 oldCredit=0 mpDebit=0 oldMpDebit=0 mpCredit=0 oldMpCredit=0 flags=0x81->0x81 computePoint=0
[DAMAGE ptr=0x141853CE0 id=0x82] 332 -> 143 = 189 sampleAgeMs=26
[CTX ptr=0x141853CE0 id=0x82] resolved=none attackerCandidates=none
[DCL-REACTION-EFFECT] event=4 state=0x2C actor=0x140D31558 actorIdx=4 sourceIdx=0 reactionId=442 actionId=0 targetCount=1 targets=[0] now=139886989255
[CALC] n=18 rec=0x141855E80 casterSlot=16 casterIdx=16 type=0x01 abilityId=0 (0x0000) payload=124 targetIdx=0 casterTeam=0 turnOwner=0
[DAMAGE ptr=0x141853CE0 id=0x82] 143 -> 0 = 143 sampleAgeMs=26
[CTX ptr=0x141853CE0 id=0x82] resolved=none attackerCandidates=none
[DCL-REACTION-EFFECT] event=5 state=0x2C actor=0x140D31558 actorIdx=4 sourceIdx=0 reactionId=442 actionId=0 targetCount=1 targets=[0] now=139897621682
[DCL-REACTION-PRESELECT] event=4 sourceIdx=0 evalReactionId=442 actor=0x140D30038 actorIdx=0 actor142=265 actor18C=265 record=0x141853CE0 recordIdx=0 candidates=[0:442:active=True] producer=none:unit=-1:carrier=-1 syntheticStates=[]:carrier=443:delivery=442 now=139908153886
[DIFF ptr=0x141853CE0 id=0x82] +0x51:03->00 +0x61:00->20
[UNIT ptr=0x141854EE0 id=0x80 foe  t3] Lv68 HP398 MP56 PA9 MA9 Sp11 CT10 Mv4 Jp3 Br62 Fa55
[DUMP ptr=0x141854EE0 id=0x80] 80 09 FF 4A 03 50 80 03 51 00 00 00 00 00 00 00 | 00 00 05 06 00 00 00 00 00 00 A8 00 C6 00 E8 00 | 1E 00 FF 00 FF 00 FF 00 22 44 3E 3E 37 37 01 00 | 8E 01 8E 01 38 00 38 00 09 07 09 00 02 02 09 09 | 0B 0A 04 03 0E 00 0F 00 19 00 00 05 19 00 00 06 | 0C 00 D2 40 06 BF 00 00 00 00 00 00 00 00 00 02 | 0C 00 00 00 00 00 00 00 00 00 00 00 00 00 00 00 | 00 00 00 00 00 00 00 00 00 00 00 D7 A4 31 4E F4 | 12 A7 7E 02 3A 9F 02 4F 50 02 0B 64 0F 4B 64 64 | 3C 5A 32 50 00 00 00 00 00 00 00 00 00 00 00 C0 | 00 00 40 00 00 82 00 00 00 00 00 00 00 00 00 00 | 00 00 00 00 00 00 00 00 00 00 00 00 00 00 00 00 | 00 00 00 00 00 00 00 00 00 00 00 00 00 00 00 00 | 00 00 00 00 00 00 00 00 00 00 00 00 00 00 00 00 | 00 00 00 00 11 11 11 11 11 11 11 11 11 01 00 00 | 56 00 05 00 95 00 94 00 93 00 82 00 8C 00 66 00 | 79 00 67 00 71 00 6A 00 C7 00 C0 00 8C 00 BA 00 | 8A 00 86 00 00 00 A7 00 00 00 00 00 00 00 A6 00 | 69 00 95 00 94 00 93 00 82 00 8C 00 66 00 79 00 | 67 00 71 00 6A 00 C7 00 C0 00 8C 00 BA 00 8A 00 | 86 00 00 00 A7 00 00 00 00 00 00 00 00 00 00 00 | 00 00 00 00 00 00 00 00 00 00 00 00 00 00 00 00 | 00 00 00 00 00 00 00 00 00 00 00 00 00 00 00 00 | 00 00 00 00 00 00 00 00 00 00 00 00 00 00 00 00 | 00 00 00 00 00 00 00 00 00 00 00 00 00 FF 00 60 | 00 F5 00 00 00 00 00 00 00 00 00 00 00 00 00 00 | 00 00 00 00 00 00 00 00 00 00 00 00 00 00 00 00 | 00 00 00 00 00 01 08 00 01 00 00 00 09 00 01 00 | 00 00 00 00 00 00 00 00 00 00 00 00 00 00 00 00 | 00 00 00 00 00 00 00 00 00 00 00 00 00 00 00 00 | 00 00 00 00 00 00 00 00 00 00 64 00 00 00 50 00 | 00 00 00 00 00 FF 00 00 00 00 00 00 79 01 00 00
[CANDIDATES ptr=0x141854EE0 id=0x80] bytes[44-83] +0x44=14 +0x46=15 +0x48=25 +0x4B=5 +0x4C=25 +0x4F=6 +0x50=12 +0x52=210 +0x53=64 +0x54=6 +0x55=191 +0x5F=2 +0x60=12 +0x7B=215 | words<=511 +0x44w=14 +0x46w=15 +0x48w=25 +0x4Cw=25 +0x50w=12 +0x60w=12 || bytes[84-C3] +0x84=58 +0x85=159 +0x86=2 +0x87=79 +0x88=80 +0x89=2 +0x8A=11 +0x8B=100 +0x8C=15 +0x8D=75 +0x8E=100 +0x8F=100 +0x90=60 +0x91=90 | words<=511 +0xA2w=64 || bytes[C4-103] +0xE4=17 +0xE5=17 +0xE6=17 +0xE7=17 +0xE8=17 +0xE9=17 +0xEA=17 +0xEB=17 +0xEC=17 +0xED=1 +0xF0=86 +0xF2=5 +0xF4=149 +0xF6=148 | words<=511 +0xECw=273 +0xF0w=86 +0xF2w=5 +0xF4w=149 +0xF6w=148 +0xF8w=147 +0xFAw=130 +0xFCw=140 +0xFEw=102 +0x100w=121 || bytes[104-143] +0x104=113 +0x106=106 +0x108=199 +0x10A=192 +0x10C=140 +0x10E=186 +0x110=138 +0x112=134 +0x116=167 +0x11E=166 +0x120=105 +0x122=149 +0x124=148 +0x126=147 | words<=511 +0x104w=113 +0x106w=106 +0x108w=199 +0x10Aw=192 +0x10Cw=140 +0x10Ew=186 +0x110w=138 +0x112w=134 +0x116w=167 +0x11Ew=166 || bytes[144-17F] +0x144=167 | words<=511 +0x144w=167
[DIFF ptr=0x141854EE0 id=0x80] +0x4F:06->05 +0x50:0C->09
[UNIT ptr=0x141854EE0 id=0x80 foe  t3] Lv68 HP398 MP56 PA9 MA9 Sp11 CT30 Mv4 Jp3 Br62 Fa55
[UNIT ptr=0x141855CE0 id=0x80 ally t0] Lv71 HP277 MP41 PA15 MA7 Sp16 CT92 Mv6 Jp4 Br97 Fa72
[UNIT ptr=0x1418548E0 id=0x81 foe  t3] Lv71 HP396 MP53 PA11 MA9 Sp12 CT44 Mv3 Jp3 Br45 Fa50
[UNIT ptr=0x141853CE0 id=0x82 foe  t3] Lv68 HP332 MP25 PA16 MA51 Sp11 CT32 Mv6 Jp5 Br67 Fa55
[UNIT ptr=0x141854EE0 id=0x80 foe  t3] Lv68 HP398 MP56 PA9 MA9 Sp11 CT52 Mv4 Jp3 Br62 Fa55
[UNIT ptr=0x1418542E0 id=0x82 foe  t3] Lv76 HP458 MP12 PA14 MA50 Sp9 CT8 Mv3 Jp3 Br60 Fa69
[DUMP ptr=0x1418542E0 id=0x82] 82 03 FF 61 03 50 20 03 77 10 00 00 00 00 BA 01 | 00 00 B3 00 BA 01 00 00 00 00 00 00 00 00 00 00 | 00 00 FF 00 00 00 FF 00 49 4C 3C 3C 45 45 01 00 | CA 01 CA 01 0C 00 0C 00 0E 32 09 00 00 00 0E 32 | 09 08 03 03 00 00 00 00 00 00 00 12 00 00 00 05 | 0B 00 80 00 00 00 00 00 00 00 00 00 00 04 00 00 | 00 00 00 00 00 00 00 00 00 00 00 00 00 00 00 00 | 00 00 00 00 00 00 00 00 00 20 00 DF E2 61 33 84 | 07 E8 56 02 26 AE 03 08 D2 0E 07 75 1E 28 55 69 | 27 62 07 55 00 00 08 00 00 00 00 00 00 00 00 00 | 00 00 00 00 00 00 00 00 00 00 00 00 00 00 00 00 | 00 00 00 00 00 00 00 00 00 00 00 00 00 00 00 00 | 00 00 00 00 00 00 00 00 00 00 00 00 00 00 00 00 | 00 00 00 00 00 00 00 00 00 00 00 00 00 00 00 00 | 00 00 00 00 00 00 00 00 00 00 00 00 00 00 00 00 | 00 00 00 00 00 00 00 00 00 00 00 00 00 00 00 00 | 00 00 00 00 00 00 00 00 00 00 00 00 00 00 00 00 | 00 00 00 00 00 00 00 00 00 00 00 00 00 00 00 00 | 00 00 00 00 00 00 00 00 00 00 00 00 00 00 00 00 | 00 00 00 00 00 00 00 00 00 00 00 00 00 00 00 00 | 00 00 00 00 00 00 00 00 00 00 00 00 00 00 00 00 | 00 00 00 00 00 00 00 00 00 00 00 00 00 00 00 00 | 00 00 00 00 00 00 00 00 00 00 00 00 00 00 00 00 | 00 00 00 00 00 00 00 00 00 00 00 00 00 00 00 00 | 00 00 00 00 00 00 00 00 00 00 00 00 00 FF 02 87 | 00 FB 00 00 00 00 00 00 00 00 00 00 00 00 00 00 | 00 00 00 00 00 00 00 00 00 00 00 00 00 00 00 00 | 00 00 00 00 00 01 00 00 01 00 00 00 03 00 01 00 | 00 00 00 00 00 00 00 00 00 00 00 00 00 00 00 00 | 00 00 00 00 00 00 00 00 00 00 00 00 00 00 00 00 | 00 00 00 00 00 00 00 00 00 00 64 00 00 00 50 00 | 00 00 00 00 00 FF 00 00 00 00 00 00 B3 03 00 00
[CANDIDATES ptr=0x1418542E0 id=0x82] bytes[44-83] +0x4B=18 +0x4F=5 +0x50=11 +0x52=128 +0x5D=4 +0x79=32 +0x7B=223 +0x7C=226 +0x7D=97 +0x7E=51 +0x7F=132 +0x80=7 +0x81=232 +0x82=86 | words<=511 +0x50w=11 +0x52w=128 || bytes[84-C3] +0x84=38 +0x85=174 +0x86=3 +0x87=8 +0x88=210 +0x89=14 +0x8A=7 +0x8B=117 +0x8C=30 +0x8D=40 +0x8E=85 +0x8F=105 +0x90=39 +0x91=98 | words<=511 +0x96w=8 || bytes[C4-103] none | words<=511 none || bytes[104-143] none | words<=511 none || bytes[144-17F] none | words<=511 none
[DIFF ptr=0x1418542E0 id=0x82] +0x50:0B->08
[UNIT ptr=0x1418542E0 id=0x82 foe  t3] Lv76 HP458 MP12 PA14 MA50 Sp9 CT28 Mv3 Jp3 Br60 Fa69
[UNIT ptr=0x141855CE0 id=0x80 ally t0] Lv71 HP277 MP41 PA15 MA7 Sp16 CT8 Mv6 Jp4 Br97 Fa72
[UNIT ptr=0x1418548E0 id=0x81 foe  t3] Lv71 HP396 MP53 PA11 MA9 Sp12 CT56 Mv3 Jp3 Br45 Fa50
[UNIT ptr=0x141853CE0 id=0x82 foe  t3] Lv68 HP332 MP25 PA16 MA51 Sp11 CT43 Mv6 Jp5 Br67 Fa55
[UNIT ptr=0x141854EE0 id=0x80 foe  t3] Lv68 HP398 MP56 PA9 MA9 Sp11 CT63 Mv4 Jp3 Br62 Fa55
[UNIT ptr=0x1418542E0 id=0x82 foe  t3] Lv76 HP458 MP12 PA14 MA50 Sp9 CT37 Mv3 Jp3 Br60 Fa69
[DIFF ptr=0x141855CE0 id=0x80] +0x63:30->21
[CALC] n=19 rec=0x141855E80 casterSlot=16 casterIdx=16 type=0x01 abilityId=0 (0x0000) payload=18 targetIdx=6 casterTeam=0 turnOwner=16
[CALC] n=20 rec=0x141855E80 casterSlot=16 casterIdx=16 type=0x01 abilityId=0 (0x0000) payload=18 targetIdx=6 casterTeam=0 turnOwner=16
[CALC] n=21 rec=0x141855E80 casterSlot=16 casterIdx=16 type=0x01 abilityId=0 (0x0000) payload=18 targetIdx=6 casterTeam=0 turnOwner=16
[CALC] n=22 rec=0x141855E80 casterSlot=16 casterIdx=16 type=0x01 abilityId=0 (0x0000) payload=18 targetIdx=6 casterTeam=0 turnOwner=16
[CALC] n=23 rec=0x141855E80 casterSlot=16 casterIdx=16 type=0x14 abilityId=382 (0x017E) payload=122 targetIdx=6 casterTeam=0 turnOwner=16
[CALC] n=24 rec=0x141855E80 casterSlot=16 casterIdx=16 type=0x14 abilityId=382 (0x017E) payload=123 targetIdx=6 casterTeam=0 turnOwner=16
[CALC] n=25 rec=0x141855E80 casterSlot=16 casterIdx=16 type=0x14 abilityId=382 (0x017E) payload=124 targetIdx=6 casterTeam=0 turnOwner=16
[CALC] n=26 rec=0x141855E80 casterSlot=16 casterIdx=16 type=0x14 abilityId=393 (0x0189) payload=125 targetIdx=6 casterTeam=0 turnOwner=16
[CALC] n=27 rec=0x141855E80 casterSlot=16 casterIdx=16 type=0x14 abilityId=393 (0x0189) payload=126 targetIdx=6 casterTeam=0 turnOwner=16
[CALC] n=28 rec=0x141855E80 casterSlot=16 casterIdx=16 type=0x14 abilityId=393 (0x0189) payload=127 targetIdx=6 casterTeam=0 turnOwner=16
[CALC] n=29 rec=0x141855E80 casterSlot=16 casterIdx=16 type=0x14 abilityId=384 (0x0180) payload=22 targetIdx=6 casterTeam=0 turnOwner=16
[DCL-MISS] reason=no-confirmed-execution-calc miss=64 target=0x80 targetIdx=16 now=140001180333
[DCL-MISS] reason=no-confirmed-execution-calc miss=128 target=0x80 targetIdx=16 now=140001182150
[DIFF ptr=0x141855CE0 id=0x80] +0x4F:06->02
[CALC] n=30 rec=0x141855E80 casterSlot=16 casterIdx=16 type=0x01 abilityId=0 (0x0000) payload=18 targetIdx=6 casterTeam=0 turnOwner=16
[DCL-REACTION-COMMIT-NOISE] event=5 pass=1 actor=0x140D31558 reactorIdx=4 sourceIdx=16 reactionId=0 actor18C=0 actor142=0 idsAgree=True record=0x141855CE0 targetCount=1 targets=[0] replacement=none retarget=none:0 noiseReason=non-reaction-id now=140065157453
[CALC] n=31 rec=0x141855E80 casterSlot=16 casterIdx=16 type=0x01 abilityId=0 (0x0000) payload=18 targetIdx=6 casterTeam=0 turnOwner=16
[DCL] caster=0x80 target=0x81 abilityId=0 ability=<Nothing> actionType=0x01 result=220 debit=220 oldDebit=220 credit=0 oldCredit=0 mpDebit=0 oldMpDebit=0 mpCredit=0 oldMpCredit=0 flags=0x80->0x80 computePoint=0
[DAMAGE ptr=0x1418548E0 id=0x81] 312 -> 92 = 220 sampleAgeMs=27
[CTX ptr=0x1418548E0 id=0x81] resolved=none attackerCandidates=none
[DCL-REACTION-EFFECT] event=6 state=0x2C actor=0x140D31558 actorIdx=4 sourceIdx=16 reactionId=0 actionId=0 targetCount=1 targets=[6] now=140066571560
[DCL-REACTION-EFFECT] event=7 state=0x2C actor=0x140D31558 actorIdx=4 sourceIdx=16 reactionId=0 actionId=0 targetCount=1 targets=[6] now=140076983763
[CALC] n=32 rec=0x141855E80 casterSlot=16 casterIdx=16 type=0x01 abilityId=0 (0x0000) payload=18 targetIdx=6 casterTeam=0 turnOwner=16
[DAMAGE ptr=0x1418548E0 id=0x81] 92 -> 0 = 92 sampleAgeMs=26
[CTX ptr=0x1418548E0 id=0x81] resolved=none attackerCandidates=none
[DCL-REACTION-PRESELECT] event=5 sourceIdx=16 evalReactionId=442 actor=0x140D31558 actorIdx=4 actor142=0 actor18C=0 record=0x141855CE0 recordIdx=16 candidates=[] producer=none:unit=-1:carrier=-1 syntheticStates=[]:carrier=443:delivery=442 now=140087724252
[DIFF ptr=0x141855CE0 id=0x80] +0x51:01->02 +0x10E:37->6C
[HEALING ptr=0x141855CE0 id=0x80] 37 -> 71 = 34 sampleAgeMs=27
[CTX ptr=0x141855CE0 id=0x80] resolved=none attackerCandidates=none
[UNIT ptr=0x141855CE0 id=0x80 ally t0] Lv71 HP277 MP41 PA15 MA7 Sp16 CT72 Mv6 Jp4 Br97 Fa72
[UNIT ptr=0x1418548E0 id=0x81 foe  t3] Lv71 HP396 MP53 PA11 MA9 Sp12 CT104 Mv3 Jp3 Br45 Fa50
[UNIT ptr=0x141853CE0 id=0x82 foe  t3] Lv68 HP332 MP25 PA16 MA51 Sp11 CT87 Mv6 Jp5 Br67 Fa55
[UNIT ptr=0x141854EE0 id=0x80 foe  t3] Lv68 HP398 MP56 PA9 MA9 Sp11 CT7 Mv4 Jp3 Br62 Fa55
[UNIT ptr=0x1418542E0 id=0x82 foe  t3] Lv76 HP458 MP12 PA14 MA50 Sp9 CT73 Mv3 Jp3 Br60 Fa69
