12:44:01.689 [START] LT1 mega-probe attached pid=15316 interval=25ms slots=24 (READ-ONLY)
12:44:01.689 [GLOBAL] abilityId ? -> 0 (0x0000)
12:44:01.689 [GLOBAL] casterIdx ? -> 0
12:44:01.689 [GLOBAL] p60 0x0 -> 0x0
12:44:01.689 [GLOBAL] p68 0x0 -> 0x1418564E0
12:44:01.689 [GLOBAL] p70 0x0 -> 0x14185669E == unit[20]+0x1BE
12:44:01.689 [GLOBAL] p78 0x0 -> 0x0
12:44:01.689 [GLOBAL] forecastObj 0x0 -> 0x0
12:44:01.689 [GLOBAL] statusPct ? -> 0
12:44:01.689 [MAP] dims=13x13
12:44:01.689 [UNIT-NEW] u0[chr=82 job=61 team=3 lv=68 hp=386/386] ptr=0x141853CE0
12:44:01.689   u0[chr=82 job=61 team=3 lv=68 hp=386/386] pos=(10,11) face=0 turn=0/0 eff=0000000000 master=0000000000 pend=(00,0000,t=255) nib=0000000000000000000000
12:44:01.690   u0 tile=(10,11,l0) terr=06 h=2 slope=0/0 corners=00 mark=00 flags=20
12:44:01.690 [UNIT-NEW] u1[chr=82 job=5E team=3 lv=68 hp=337/337] ptr=0x141853EE0
12:44:01.690   u1[chr=82 job=5E team=3 lv=68 hp=337/337] pos=(1,10) face=3 turn=0/0 eff=0000000000 master=0000000000 pend=(00,0000,t=255) nib=0000000000000000000000
12:44:01.690   u1 tile=(1,10,l0) terr=03 h=1 slope=0/0 corners=00 mark=00 flags=20
12:44:01.690 [UNIT-NEW] u2[chr=82 job=67 team=3 lv=73 hp=469/469] ptr=0x1418540E0
12:44:01.690   u2[chr=82 job=67 team=3 lv=73 hp=469/469] pos=(1,1) face=3 turn=0/0 eff=0000000000 master=0000000000 pend=(00,0000,t=255) nib=0000000000000000000000
12:44:01.690   u2 tile=(1,1,l0) terr=06 h=2 slope=0/0 corners=00 mark=00 flags=10
12:44:01.690 [UNIT-NEW] u3[chr=82 job=5E team=3 lv=73 hp=367/367] ptr=0x1418542E0
12:44:01.690   u3[chr=82 job=5E team=3 lv=73 hp=367/367] pos=(9,12) face=0 turn=0/0 eff=0000000000 master=0000000000 pend=(00,0000,t=255) nib=0000000000000000000000
12:44:01.690   u3 tile=(9,12,l0) terr=03 h=0 slope=2/0 corners=52 mark=00 flags=20
12:44:01.690 [UNIT-NEW] u4[chr=82 job=67 team=3 lv=71 hp=456/456] ptr=0x1418544E0
12:44:01.690   u4[chr=82 job=67 team=3 lv=71 hp=456/456] pos=(9,12) face=0 turn=0/0 eff=0000000000 master=0000000000 pend=(00,0000,t=255) nib=0000000000000000000000
12:44:01.690   u4 tile=(9,12,l0) terr=03 h=0 slope=2/0 corners=52 mark=00 flags=20
12:44:01.690 [UNIT-NEW] u5[chr=82 job=61 team=3 lv=71 hp=425/425] ptr=0x1418546E0
12:44:01.690   u5[chr=82 job=61 team=3 lv=71 hp=425/425] pos=(2,11) face=0 turn=0/0 eff=0000000000 master=0000000000 pend=(00,0000,t=255) nib=0000000000000000000000
12:44:01.690   u5 tile=(2,11,l0) terr=06 h=2 slope=0/0 corners=00 mark=00 flags=10
12:44:01.690 [UNIT-NEW] u6[chr=82 job=67 team=3 lv=68 hp=454/454] ptr=0x1418548E0
12:44:01.690   u6[chr=82 job=67 team=3 lv=68 hp=454/454] pos=(2,11) face=0 turn=0/0 eff=0000000000 master=0000000000 pend=(00,0000,t=255) nib=0000000000000000000000
12:44:01.690   u6 tile=(2,11,l0) terr=06 h=2 slope=0/0 corners=00 mark=00 flags=10
12:44:01.690 [UNIT-NEW] u7[chr=82 job=5E team=3 lv=74 hp=346/346] ptr=0x141854AE0
12:44:01.690   u7[chr=82 job=5E team=3 lv=74 hp=346/346] pos=(0,2) face=3 turn=0/0 eff=0000000000 master=0000000000 pend=(00,0000,t=255) nib=0000000000000000000000
12:44:01.690   u7 tile=(0,2,l0) terr=03 h=1 slope=0/0 corners=00 mark=00 flags=20
12:44:01.690 [UNIT-NEW] u8[chr=82 job=61 team=3 lv=73 hp=419/419] ptr=0x141854CE0
12:44:01.690   u8[chr=82 job=61 team=3 lv=73 hp=419/419] pos=(0,2) face=3 turn=0/0 eff=0000000000 master=0000000000 pend=(00,0000,t=255) nib=0000000000000000000000
12:44:01.690   u8 tile=(0,2,l0) terr=03 h=1 slope=0/0 corners=00 mark=00 flags=20
12:44:01.690 [UNIT-NEW] u16[chr=01 job=A0 team=0 lv=76 hp=569/569] ptr=0x141855CE0
12:44:01.690   u16[chr=01 job=A0 team=0 lv=76 hp=569/569] pos=(5,0) face=2 turn=0/0 eff=0000004000 master=0000000000 pend=(00,0000,t=255) nib=8484738576638888150181
12:44:01.690   u16 tile=(5,0,l0) terr=03 h=1 slope=0/0 corners=00 mark=00 flags=28
12:44:01.690 [UNIT-NEW] u17[chr=80 job=59 team=0 lv=71 hp=277/277] ptr=0x141855EE0
12:44:01.690   u17[chr=80 job=59 team=0 lv=71 hp=277/277] pos=(6,0) face=2 turn=1/0 eff=0000304000 master=0000100000 pend=(00,0000,t=255) nib=8875835468546678140142
12:44:01.690   u17 tile=(6,0,l0) terr=03 h=1 slope=1/0 corners=52 mark=00 flags=28
12:44:01.690 [UNIT-NEW] u18[chr=1E job=50 team=0 lv=70 hp=324/324] ptr=0x1418560E0
12:44:01.690   u18[chr=1E job=50 team=0 lv=70 hp=324/324] pos=(8,0) face=2 turn=0/0 eff=0000003000 master=0000000000 pend=(00,0000,t=255) nib=8684526355324258101132
12:44:01.690   u18 tile=(8,0,l0) terr=03 h=1 slope=1/0 corners=58 mark=00 flags=24
12:44:01.690 [UNIT-NEW] u19[chr=32 job=58 team=0 lv=69 hp=432/432] ptr=0x1418562E0
12:44:01.690   u19[chr=32 job=58 team=0 lv=69 hp=432/432] pos=(9,0) face=2 turn=0/0 eff=0000000000 master=0000000000 pend=(00,0000,t=255) nib=8363634654233285120131
12:44:01.690   u19 tile=(9,0,l0) terr=03 h=1 slope=0/0 corners=00 mark=00 flags=20
12:44:01.690 [UNIT-NEW] u20[chr=1F job=52 team=0 lv=68 hp=314/314] ptr=0x1418564E0
12:44:01.690   u20[chr=1F job=52 team=0 lv=68 hp=314/314] pos=(9,1) face=2 turn=0/0 eff=0000000000 master=0000000000 pend=(00,0000,t=255) nib=8363534385533355150131
12:44:01.690   u20 tile=(9,1,l0) terr=03 h=1 slope=0/0 corners=00 mark=00 flags=20
12:44:01.690 [UNIT-NEW] u23[chr=66 job=73 team=58 lv=1 hp=606/620] ptr=0x141856AE0
12:44:01.690   u23[chr=66 job=73 team=58 lv=1 hp=606/620] pos=(5,152) face=5 turn=129/144 eff=072F074607 master=900D8190D4 pend=(5F,81F1,t=6) nib=9181C090E046BAB2AC0C94
12:44:01.690   u23 tile=(5,152,l0) OOB
12:44:01.690 [SNAPSHOT] 15 units
12:44:01.691   u0[chr=82 job=61 team=3 lv=68 hp=386/386] pos=(10,11) face=0 turn=0/0 eff=0000000000 master=0000000000 pend=(00,0000,t=255) nib=0000000000000000000000
12:44:01.691   u1[chr=82 job=5E team=3 lv=68 hp=337/337] pos=(1,10) face=3 turn=0/0 eff=0000000000 master=0000000000 pend=(00,0000,t=255) nib=0000000000000000000000
12:44:01.691   u2[chr=82 job=67 team=3 lv=73 hp=469/469] pos=(1,1) face=3 turn=0/0 eff=0000000000 master=0000000000 pend=(00,0000,t=255) nib=0000000000000000000000
12:44:01.691   u3[chr=82 job=5E team=3 lv=73 hp=367/367] pos=(9,12) face=0 turn=0/0 eff=0000000000 master=0000000000 pend=(00,0000,t=255) nib=0000000000000000000000
12:44:01.691   u4[chr=82 job=67 team=3 lv=71 hp=456/456] pos=(9,12) face=0 turn=0/0 eff=0000000000 master=0000000000 pend=(00,0000,t=255) nib=0000000000000000000000
12:44:01.691   u5[chr=82 job=61 team=3 lv=71 hp=425/425] pos=(2,11) face=0 turn=0/0 eff=0000000000 master=0000000000 pend=(00,0000,t=255) nib=0000000000000000000000
12:44:01.691   u6[chr=82 job=67 team=3 lv=68 hp=454/454] pos=(2,11) face=0 turn=0/0 eff=0000000000 master=0000000000 pend=(00,0000,t=255) nib=0000000000000000000000
12:44:01.691   u7[chr=82 job=5E team=3 lv=74 hp=346/346] pos=(0,2) face=3 turn=0/0 eff=0000000000 master=0000000000 pend=(00,0000,t=255) nib=0000000000000000000000
12:44:01.691   u8[chr=82 job=61 team=3 lv=73 hp=419/419] pos=(0,2) face=3 turn=0/0 eff=0000000000 master=0000000000 pend=(00,0000,t=255) nib=0000000000000000000000
12:44:01.691   u16[chr=01 job=A0 team=0 lv=76 hp=569/569] pos=(5,0) face=2 turn=0/0 eff=0000004000 master=0000000000 pend=(00,0000,t=255) nib=8484738576638888150181
12:44:01.691   u17[chr=80 job=59 team=0 lv=71 hp=277/277] pos=(6,0) face=2 turn=1/0 eff=0000304000 master=0000100000 pend=(00,0000,t=255) nib=8875835468546678140142
12:44:01.691   u18[chr=1E job=50 team=0 lv=70 hp=324/324] pos=(8,0) face=2 turn=0/0 eff=0000003000 master=0000000000 pend=(00,0000,t=255) nib=8684526355324258101132
12:44:01.691   u19[chr=32 job=58 team=0 lv=69 hp=432/432] pos=(9,0) face=2 turn=0/0 eff=0000000000 master=0000000000 pend=(00,0000,t=255) nib=8363634654233285120131
12:44:01.691   u20[chr=1F job=52 team=0 lv=68 hp=314/314] pos=(9,1) face=2 turn=0/0 eff=0000000000 master=0000000000 pend=(00,0000,t=255) nib=8363534385533355150131
12:44:01.691   u23[chr=66 job=73 team=58 lv=1 hp=606/620] pos=(5,152) face=5 turn=129/144 eff=072F074607 master=900D8190D4 pend=(5F,81F1,t=6) nib=9181C090E046BAB2AC0C94
12:44:37.399 [TILES] mark+ x34: (2,0,l0)00->20 (4,0,l0)00->20 (7,0,l0)00->20 (10,0,l0)00->20 (11,0,l0)00->20 (2,1,l0)00->20 (3,1,l0)00->20 (4,1,l0)00->20 (5,1,l0)00->20 (6,1,l0)00->20 (8,1,l0)00->20 (10,1,l0)00->20 (2,2,l0)00->20 (3,2,l0)00->20 (4,2,l0)00->20 (6,2,l0)00->20 (7,2,l0)00->20 (8,2,l0)00->20 (10,2,l0)00->20 (3,3,l0)00->20 ...
12:44:40.599 [u17|chr=80] posY 0->1 | tile=(6,1,l0) terr=03 h=2 slope=0/0 corners=85 mark=20 flags=28
12:44:40.650 [u17|chr=80] unknown +0x1B9:00->01
12:44:43.115 [GLOBAL] p68 0x1418564E0 -> 0x141855EE0
12:44:43.115 [GLOBAL] p70 0x14185669E -> 0x14185609E == unit[17]+0x1BE
12:44:43.115 [u17|chr=80] facing 2->1 | turnMark 1->0 | stagedHeal 0->34 | resFlag 0->64 | unknown +0x1BB:00->01 | tile=(6,1,l0) terr=03 h=2 slope=0/0 corners=85 mark=20 flags=28
12:44:44.208 [GLOBAL] p68 0x141855EE0 -> 0x1418564E0
12:44:44.208 [GLOBAL] p70 0x14185609E -> 0x14185669E == unit[20]+0x1BE
12:44:44.208 [u17|chr=80] stagedHeal 34->0 | resFlag 64->0
12:44:44.208 [u18|chr=1E] turnMark 0->1 | unknown +0x2E:00->01
12:45:01.713 [SNAPSHOT] 15 units
12:45:01.713   u0[chr=82 job=61 team=3 lv=68 hp=386/386] pos=(10,11) face=0 turn=0/0 eff=0000000000 master=0000000000 pend=(00,0000,t=255) nib=0000000000000000000000
12:45:01.714   u1[chr=82 job=5E team=3 lv=68 hp=337/337] pos=(1,10) face=3 turn=0/0 eff=0000000000 master=0000000000 pend=(00,0000,t=255) nib=0000000000000000000000
12:45:01.714   u2[chr=82 job=67 team=3 lv=73 hp=469/469] pos=(1,1) face=3 turn=0/0 eff=0000000000 master=0000000000 pend=(00,0000,t=255) nib=0000000000000000000000
12:45:01.714   u3[chr=82 job=5E team=3 lv=73 hp=367/367] pos=(9,12) face=0 turn=0/0 eff=0000000000 master=0000000000 pend=(00,0000,t=255) nib=0000000000000000000000
12:45:01.714   u4[chr=82 job=67 team=3 lv=71 hp=456/456] pos=(9,12) face=0 turn=0/0 eff=0000000000 master=0000000000 pend=(00,0000,t=255) nib=0000000000000000000000
12:45:01.714   u5[chr=82 job=61 team=3 lv=71 hp=425/425] pos=(2,11) face=0 turn=0/0 eff=0000000000 master=0000000000 pend=(00,0000,t=255) nib=0000000000000000000000
12:45:01.714   u6[chr=82 job=67 team=3 lv=68 hp=454/454] pos=(2,11) face=0 turn=0/0 eff=0000000000 master=0000000000 pend=(00,0000,t=255) nib=0000000000000000000000
12:45:01.714   u7[chr=82 job=5E team=3 lv=74 hp=346/346] pos=(0,2) face=3 turn=0/0 eff=0000000000 master=0000000000 pend=(00,0000,t=255) nib=0000000000000000000000
12:45:01.714   u8[chr=82 job=61 team=3 lv=73 hp=419/419] pos=(0,2) face=3 turn=0/0 eff=0000000000 master=0000000000 pend=(00,0000,t=255) nib=0000000000000000000000
12:45:01.714   u16[chr=01 job=A0 team=0 lv=76 hp=569/569] pos=(5,0) face=2 turn=0/0 eff=0000004000 master=0000000000 pend=(00,0000,t=255) nib=8484738576638888150181
12:45:01.714   u17[chr=80 job=59 team=0 lv=71 hp=277/277] pos=(6,1) face=1 turn=0/0 eff=0000304000 master=0000100000 pend=(00,0000,t=255) nib=8875835468546678140142
12:45:01.714   u18[chr=1E job=50 team=0 lv=70 hp=324/324] pos=(8,0) face=2 turn=1/0 eff=0000003000 master=0000000000 pend=(00,0000,t=255) nib=8684526355324258101132
12:45:01.714   u19[chr=32 job=58 team=0 lv=69 hp=432/432] pos=(9,0) face=2 turn=0/0 eff=0000000000 master=0000000000 pend=(00,0000,t=255) nib=8363634654233285120131
12:45:01.714   u20[chr=1F job=52 team=0 lv=68 hp=314/314] pos=(9,1) face=2 turn=0/0 eff=0000000000 master=0000000000 pend=(00,0000,t=255) nib=8363534385533355150131
12:45:01.714   u23[chr=66 job=73 team=58 lv=1 hp=606/620] pos=(5,152) face=5 turn=129/144 eff=072F074607 master=900D8190D4 pend=(5F,81F1,t=6) nib=9181C090E046BAB2AC0C94
12:45:25.575 [TILES] mark+ x3: (7,0,l0)20->60 (9,0,l0)00->40 (8,1,l0)20->60
12:45:25.803 [TILES] mark+ x1: (9,0,l0)40->C0
12:45:26.310 [GLOBAL] p60 0x0 -> 0x14186AFC0
12:45:26.310 [GLOBAL] p68 0x1418564E0 -> 0x1418562E0
12:45:26.310 [GLOBAL] p70 0x14185669E -> 0x14185649E == unit[19]+0x1BE
12:45:26.310 [GLOBAL] p78 0x0 -> 0x1418560E0
12:45:26.310 [GLOBAL] forecastObj 0x0 -> 0x14185649E == unit[19]+0x1BE
12:45:26.310 [GLOBAL] statusPct 0 -> 3854
12:45:26.310 [u19|chr=32] stagedDmg 0->201 | resMeta 0->130 | resFlag 0->128
12:46:01.734 [SNAPSHOT] 15 units
12:46:01.734   u0[chr=82 job=61 team=3 lv=68 hp=386/386] pos=(10,11) face=0 turn=0/0 eff=0000000000 master=0000000000 pend=(00,0000,t=255) nib=0000000000000000000000
12:46:01.734   u1[chr=82 job=5E team=3 lv=68 hp=337/337] pos=(1,10) face=3 turn=0/0 eff=0000000000 master=0000000000 pend=(00,0000,t=255) nib=0000000000000000000000
12:46:01.734   u2[chr=82 job=67 team=3 lv=73 hp=469/469] pos=(1,1) face=3 turn=0/0 eff=0000000000 master=0000000000 pend=(00,0000,t=255) nib=0000000000000000000000
12:46:01.734   u3[chr=82 job=5E team=3 lv=73 hp=367/367] pos=(9,12) face=0 turn=0/0 eff=0000000000 master=0000000000 pend=(00,0000,t=255) nib=0000000000000000000000
12:46:01.734   u4[chr=82 job=67 team=3 lv=71 hp=456/456] pos=(9,12) face=0 turn=0/0 eff=0000000000 master=0000000000 pend=(00,0000,t=255) nib=0000000000000000000000
12:46:01.734   u5[chr=82 job=61 team=3 lv=71 hp=425/425] pos=(2,11) face=0 turn=0/0 eff=0000000000 master=0000000000 pend=(00,0000,t=255) nib=0000000000000000000000
12:46:01.734   u6[chr=82 job=67 team=3 lv=68 hp=454/454] pos=(2,11) face=0 turn=0/0 eff=0000000000 master=0000000000 pend=(00,0000,t=255) nib=0000000000000000000000
12:46:01.734   u7[chr=82 job=5E team=3 lv=74 hp=346/346] pos=(0,2) face=3 turn=0/0 eff=0000000000 master=0000000000 pend=(00,0000,t=255) nib=0000000000000000000000
12:46:01.734   u8[chr=82 job=61 team=3 lv=73 hp=419/419] pos=(0,2) face=3 turn=0/0 eff=0000000000 master=0000000000 pend=(00,0000,t=255) nib=0000000000000000000000
12:46:01.734   u16[chr=01 job=A0 team=0 lv=76 hp=569/569] pos=(5,0) face=2 turn=0/0 eff=0000004000 master=0000000000 pend=(00,0000,t=255) nib=8484738576638888150181
12:46:01.734   u17[chr=80 job=59 team=0 lv=71 hp=277/277] pos=(6,1) face=1 turn=0/0 eff=0000304000 master=0000100000 pend=(00,0000,t=255) nib=8875835468546678140142
12:46:01.734   u18[chr=1E job=50 team=0 lv=70 hp=324/324] pos=(8,0) face=2 turn=1/0 eff=0000003000 master=0000000000 pend=(00,0000,t=255) nib=8684526355324258101132
12:46:01.734   u19[chr=32 job=58 team=0 lv=69 hp=432/432] pos=(9,0) face=2 turn=0/0 eff=0000000000 master=0000000000 pend=(00,0000,t=255) nib=8363634654233285120131
12:46:01.734   u20[chr=1F job=52 team=0 lv=68 hp=314/314] pos=(9,1) face=2 turn=0/0 eff=0000000000 master=0000000000 pend=(00,0000,t=255) nib=8363534385533355150131
12:46:01.734   u23[chr=66 job=73 team=58 lv=1 hp=606/620] pos=(5,152) face=5 turn=129/144 eff=072F074607 master=900D8190D4 pend=(5F,81F1,t=6) nib=9181C090E046BAB2AC0C94
12:46:08.751 [TILES] mark+ x21: (4,0,l0)20->60 (5,0,l0)00->40 (6,0,l0)00->40 (8,0,l0)00->40 (10,0,l0)20->60 (11,0,l0)20->60 (5,1,l0)20->60 (6,1,l0)20->60 (7,1,l0)00->40 (9,1,l0)00->40 (10,1,l0)20->60 (11,1,l0)00->40 (6,2,l0)20->60 (7,2,l0)20->60 (8,2,l0)20->60 (9,2,l0)00->40 (10,2,l0)20->60 (7,3,l0)20->60 (8,3,l0)20->60 (9,3,l0)20->60 ...
12:46:08.827 [TILES] mark+ x2: (8,0,l0)40->C0 (8,1,l0)60->E0
12:46:09.260 [TILES] mark+ x2: (10,0,l0)60->E0 (9,1,l0)40->C0
12:46:09.260 [TILES] mark- x1: (8,1,l0)E0->60
12:46:10.328 [u19|chr=32] stagedDmg 201->157 | resMeta 130->2
12:47:01.735 [SNAPSHOT] 15 units
12:47:01.735   u0[chr=82 job=61 team=3 lv=68 hp=386/386] pos=(10,11) face=0 turn=0/0 eff=0000000000 master=0000000000 pend=(00,0000,t=255) nib=0000000000000000000000
12:47:01.735   u1[chr=82 job=5E team=3 lv=68 hp=337/337] pos=(1,10) face=3 turn=0/0 eff=0000000000 master=0000000000 pend=(00,0000,t=255) nib=0000000000000000000000
12:47:01.735   u2[chr=82 job=67 team=3 lv=73 hp=469/469] pos=(1,1) face=3 turn=0/0 eff=0000000000 master=0000000000 pend=(00,0000,t=255) nib=0000000000000000000000
12:47:01.735   u3[chr=82 job=5E team=3 lv=73 hp=367/367] pos=(9,12) face=0 turn=0/0 eff=0000000000 master=0000000000 pend=(00,0000,t=255) nib=0000000000000000000000
12:47:01.735   u4[chr=82 job=67 team=3 lv=71 hp=456/456] pos=(9,12) face=0 turn=0/0 eff=0000000000 master=0000000000 pend=(00,0000,t=255) nib=0000000000000000000000
12:47:01.735   u5[chr=82 job=61 team=3 lv=71 hp=425/425] pos=(2,11) face=0 turn=0/0 eff=0000000000 master=0000000000 pend=(00,0000,t=255) nib=0000000000000000000000
12:47:01.735   u6[chr=82 job=67 team=3 lv=68 hp=454/454] pos=(2,11) face=0 turn=0/0 eff=0000000000 master=0000000000 pend=(00,0000,t=255) nib=0000000000000000000000
12:47:01.735   u7[chr=82 job=5E team=3 lv=74 hp=346/346] pos=(0,2) face=3 turn=0/0 eff=0000000000 master=0000000000 pend=(00,0000,t=255) nib=0000000000000000000000
12:47:01.735   u8[chr=82 job=61 team=3 lv=73 hp=419/419] pos=(0,2) face=3 turn=0/0 eff=0000000000 master=0000000000 pend=(00,0000,t=255) nib=0000000000000000000000
12:47:01.735   u16[chr=01 job=A0 team=0 lv=76 hp=569/569] pos=(5,0) face=2 turn=0/0 eff=0000004000 master=0000000000 pend=(00,0000,t=255) nib=8484738576638888150181
12:47:01.735   u17[chr=80 job=59 team=0 lv=71 hp=277/277] pos=(6,1) face=1 turn=0/0 eff=0000304000 master=0000100000 pend=(00,0000,t=255) nib=8875835468546678140142
12:47:01.735   u18[chr=1E job=50 team=0 lv=70 hp=324/324] pos=(8,0) face=2 turn=1/0 eff=0000003000 master=0000000000 pend=(00,0000,t=255) nib=8684526355324258101132
12:47:01.735   u19[chr=32 job=58 team=0 lv=69 hp=432/432] pos=(9,0) face=2 turn=0/0 eff=0000000000 master=0000000000 pend=(00,0000,t=255) nib=8363634654233285120131
12:47:01.735   u20[chr=1F job=52 team=0 lv=68 hp=314/314] pos=(9,1) face=2 turn=0/0 eff=0000000000 master=0000000000 pend=(00,0000,t=255) nib=8363534385533355150131
12:47:01.735   u23[chr=66 job=73 team=58 lv=1 hp=606/620] pos=(5,152) face=5 turn=129/144 eff=072F074607 master=900D8190D4 pend=(5F,81F1,t=6) nib=9181C090E046BAB2AC0C94
12:47:09.330 [u18|chr=1E] actOwner 0->1 | pendTimer 255->4 | pendType 0->11 | pendAbilityId 0->16 (0x0010) | pendAA 0->6 | pendEpiX 0->9 | status.eff[0] 00->08 [+Charging*] | status.master[0] 00->08 [+Charging*] | unknown +0x1A0:00->12 +0x1AB:00->13
12:47:27.371 [GLOBAL] p68 0x1418562E0 -> 0x1418564E0
12:47:27.371 [GLOBAL] p70 0x14185649E -> 0x14185669E == unit[20]+0x1BE
12:47:27.371 [u3|chr=82] turnMark 0->1 | unknown +0x2E:00->01
12:47:27.372 [u18|chr=1E] facing 2->3 | turnMark 1->0 | pendTimer 4->3 | tile=(8,0,l0) terr=03 h=1 slope=1/0 corners=58 mark=C0 flags=24
12:47:27.372 [u19|chr=32] stagedDmg 157->0 | resMeta 2->0 | resFlag 128->0
12:47:28.337 [GLOBAL] casterIdx 0 -> 18
12:47:28.337 [GLOBAL] p68 0x1418564E0 -> 0x1418560E0
12:47:28.337 [GLOBAL] p70 0x14185669E -> 0x14185629E == unit[18]+0x1BE
12:47:28.337 [TILES] mark+ x94: (0,0,l0)00->20 (1,0,l0)00->20 (5,0,l0)40->60 (6,0,l0)40->60 (8,0,l0)C0->E0 (9,0,l0)C0->E0 (1,1,l0)00->20 (9,1,l0)C0->E0 (0,2,l0)00->20 (1,2,l0)00->20 (11,2,l0)00->20 (0,3,l0)00->20 (2,3,l0)00->20 (10,3,l0)00->20 (11,3,l0)00->20 (0,4,l0)00->20 (1,4,l0)00->20 (2,4,l0)00->20 (3,4,l0)00->20 (9,4,l0)00->20 ...
12:47:28.337 [u17|chr=80] unknown +0x1BB:01->00
12:47:28.337 [u18|chr=1E] evadeKind 0->8 | unknown +0x1BB:00->01 +0x1BE:01->00
12:47:28.337 [u19|chr=32] stagedDmg 0->157 | resMeta 0->2 | resFlag 0->128 | unknown +0x1BB:00->02
12:47:28.338 [u20|chr=1F] stagedDmg 0->123 | resMeta 0->2 | resFlag 0->128
12:47:28.389 [TILES] mark- x102: (0,0,l0)20->00 (1,0,l0)20->00 (2,0,l0)20->00 (4,0,l0)60->40 (5,0,l0)60->40 (6,0,l0)60->40 (7,0,l0)60->40 (8,0,l0)E0->C0 (9,0,l0)E0->C0 (10,0,l0)E0->C0 (11,0,l0)60->40 (1,1,l0)20->00 (2,1,l0)20->00 (3,1,l0)20->00 (4,1,l0)20->00 (5,1,l0)60->40 (6,1,l0)60->40 (8,1,l0)60->40 (9,1,l0)E0->C0 (10,1,l0)60->40 ...
12:47:29.228 [u3|chr=82] posY 12->8 | facing 0->3 | unknown +0x1B9:00->01 | tile=(9,8,l0) terr=03 h=0 slope=0/0 corners=00 mark=20 flags=20
12:47:29.482 [u3|chr=82] turnMark 1->0
12:47:29.710 [GLOBAL] p68 0x1418560E0 -> 0x1418542E0
12:47:29.710 [GLOBAL] p70 0x14185629E -> 0x14185449E == unit[3]+0x1BE
12:47:29.710 [u2|chr=82] turnMark 0->1 | unknown +0x2E:00->01
12:47:29.710 [u3|chr=82] facing 3->0 | tile=(9,8,l0) terr=03 h=0 slope=0/0 corners=00 mark=20 flags=20
12:47:30.091 [GLOBAL] casterIdx 18 -> 2
12:47:30.091 [GLOBAL] p68 0x1418542E0 -> 0x1418540E0
12:47:30.091 [GLOBAL] p70 0x14185449E -> 0x14185429E == unit[2]+0x1BE
12:47:30.091 [GLOBAL] p78 0x1418560E0 -> 0x1418540E0
12:47:30.091 [GLOBAL] statusPct 3854 -> 0
12:47:30.091 [TILES] mark+ x83: (0,0,l0)00->20 (1,0,l0)00->20 (2,0,l0)00->20 (5,0,l0)40->A0 (2,1,l0)00->20 (3,1,l0)00->20 (4,1,l0)00->20 (6,1,l0)40->60 (0,2,l0)00->20 (1,2,l0)00->20 (2,2,l0)00->20 (3,2,l0)00->20 (4,2,l0)00->20 (11,2,l0)00->20 (0,3,l0)00->20 (2,3,l0)00->20 (3,3,l0)00->20 (4,3,l0)00->20 (5,3,l0)00->20 (6,3,l0)00->20 ...
12:47:30.091 [TILES] mark- x22: (4,0,l0)40->20 (6,0,l0)40->20 (7,0,l0)40->20 (8,0,l0)C0->20 (9,0,l0)C0->20 (10,0,l0)C0->20 (11,0,l0)40->20 (5,1,l0)40->20 (7,1,l0)40->00 (8,1,l0)40->20 (9,1,l0)C0->20 (10,1,l0)40->20 (11,1,l0)40->00 (6,2,l0)40->20 (7,2,l0)40->20 (8,2,l0)40->20 (9,2,l0)40->00 (10,2,l0)40->20 (7,3,l0)40->20 (8,3,l0)40->20 ...
12:47:30.091 [u2|chr=82] evadeKind 0->8 | unknown +0x1BB:00->01 +0x1BE:01->00 +0x1CE:00->BA +0x1CF:00->01 +0x1E6:00->1B +0x1E7:00->01
12:47:30.091 [u16|chr=01] resMeta 0->130 | resFlag 0->8 | hitPct 100->0 | unknown +0x1BE:01->00 +0x1DE:00->80
12:47:30.091 [u18|chr=1E] unknown +0x1BB:01->00
12:47:30.091 [u19|chr=32] unknown +0x1BB:02->00
12:47:30.142 [TILES] mark- x111: (5,0,l0)A0->80 (6,0,l0)20->00 (7,0,l0)20->00 (8,0,l0)20->00 (9,0,l0)20->00 (10,0,l0)20->00 (11,0,l0)20->00 (6,1,l0)60->40 (8,1,l0)20->00 (9,1,l0)20->00 (10,1,l0)20->00 (0,2,l0)20->00 (6,2,l0)20->00 (7,2,l0)20->00 (8,2,l0)20->00 (10,2,l0)20->00 (11,2,l0)20->00 (4,3,l0)20->00 (5,3,l0)20->00 (6,3,l0)20->00 ...
12:47:30.754 [u2|chr=82] posX 1->4 | posY 1->0 | facing 3->0 | tile=(4,0,l0) terr=03 h=1 slope=0/0 corners=00 mark=20 flags=20
12:47:30.779 [u2|chr=82] unknown +0x1B9:00->01
12:47:31.008 [TILES] mark+ x2: (5,0,l0)80->C0 (4,1,l0)20->60
12:47:31.008 [TILES] mark- x1: (6,1,l0)40->00
12:47:31.644 [GLOBAL] p68 0x1418540E0 -> 0x141855CE0
12:47:31.644 [GLOBAL] p70 0x14185429E -> 0x141855E9E == unit[16]+0x1BE
12:47:31.644 [GLOBAL] forecastObj 0x14185649E -> 0x141855E9E == unit[16]+0x1BE
12:47:31.644 [u16|chr=01] stagedDmg 0->100 | resFlag 8->128 | hitPct 0->1 | unknown +0x1BE:00->01 +0x1DE:80->00
12:47:32.077 [u2|chr=82] turnMark 1->0 | actOwner 0->1 | pendType 0->185 | pendAbilityId 0->280 (0x0118) | pendAA 0->5 | pendEpiX 0->5 | unknown +0x1A0:00->02 +0x1AB:00->FF +0x1B2:00->FF +0x1B3:00->FF +0x1B9:01->03 +0x1BB:01->00 +0x1CE:BA->00 +0x1CF:01->00
12:47:32.433 [u16|chr=01] evadeKind 0->11 | stagedDmg 100->0 | resFlag 128->0 | hitPct 1->3 | unknown +0x1BE:01->00 +0x1CE:00->C3 +0x1CF:00->01
12:47:32.484 [u2|chr=82] facing 0->3 | tile=(4,0,l0) terr=03 h=1 slope=0/0 corners=00 mark=20 flags=20
12:47:32.484 [u16|chr=01] unknown +0x1BB:00->01
12:47:32.611 [u16|chr=01] facing 2->1 | tile=(5,0,l0) terr=03 h=1 slope=0/0 corners=00 mark=C0 flags=28
12:47:33.094 [GLOBAL] p68 0x141855CE0 -> 0x1418540E0
12:47:33.094 [GLOBAL] p70 0x141855E9E -> 0x14185429E == unit[2]+0x1BE
12:47:33.095 [u2|chr=82] unknown +0x1BB:00->01 +0x1E6:1B->00 +0x1E7:01->00
12:47:33.120 [GLOBAL] abilityId 0 -> 451 (0x01C3)
12:47:33.120 [u16|chr=01] facing 1->2 | unknown +0x1CE:C3->00 +0x1CF:01->00 | tile=(5,0,l0) terr=03 h=1 slope=0/0 corners=00 mark=C0 flags=28
12:47:33.475 [u2|chr=82] evadeKind 8->0 | unknown +0x1BE:00->01
12:47:33.476 [u6|chr=82] turnMark 0->1 | unknown +0x2E:00->01
12:47:33.831 [GLOBAL] casterIdx 2 -> 18
12:47:33.831 [GLOBAL] p68 0x1418540E0 -> 0x1418560E0
12:47:33.831 [GLOBAL] p70 0x14185429E -> 0x14185629E == unit[18]+0x1BE
12:47:33.831 [GLOBAL] p78 0x1418540E0 -> 0x1418560E0
12:47:33.831 [GLOBAL] statusPct 0 -> 3854
12:47:33.831 [TILES] mark+ x115: (4,0,l0)20->60 (6,0,l0)00->60 (7,0,l0)00->60 (8,0,l0)00->E0 (9,0,l0)00->E0 (10,0,l0)00->E0 (11,0,l0)00->60 (1,1,l0)00->20 (5,1,l0)20->60 (6,1,l0)00->60 (7,1,l0)00->40 (8,1,l0)00->60 (9,1,l0)00->E0 (10,1,l0)00->60 (11,1,l0)00->40 (0,2,l0)00->20 (6,2,l0)00->60 (7,2,l0)00->60 (8,2,l0)00->60 (9,2,l0)00->40 ...
12:47:33.831 [TILES] mark- x2: (5,0,l0)C0->60 (4,1,l0)60->20
12:47:33.831 [u2|chr=82] unknown +0x1BB:01->00
12:47:33.831 [u16|chr=01] evadeKind 11->0 | resMeta 130->0 | hitPct 3->100 | unknown +0x1BB:01->00 +0x1BE:00->01
12:47:33.831 [u18|chr=1E] unknown +0x1BB:00->01
12:47:33.831 [u19|chr=32] unknown +0x1BB:00->02
12:47:33.908 [TILES] mark- x110: (0,0,l0)20->00 (1,0,l0)20->00 (2,0,l0)20->00 (4,0,l0)60->40 (5,0,l0)60->40 (6,0,l0)60->40 (7,0,l0)60->40 (8,0,l0)E0->C0 (9,0,l0)E0->C0 (10,0,l0)E0->C0 (11,0,l0)60->40 (1,1,l0)20->00 (2,1,l0)20->00 (3,1,l0)20->00 (4,1,l0)20->00 (5,1,l0)60->40 (6,1,l0)60->40 (8,1,l0)60->40 (9,1,l0)E0->C0 (10,1,l0)60->40 ...
12:47:34.542 [u6|chr=82] posX 2->3 | posY 11->8 | tile=(3,8,l0) terr=03 h=1 slope=0/0 corners=00 mark=20 flags=20
12:47:34.567 [u6|chr=82] unknown +0x1B9:00->01
12:47:34.821 [u6|chr=82] turnMark 1->0
12:47:35.049 [GLOBAL] p68 0x1418560E0 -> 0x1418548E0
12:47:35.049 [GLOBAL] p70 0x14185629E -> 0x141854A9E == unit[6]+0x1BE
12:47:35.049 [u16|chr=01] turnMark 0->1 | unknown +0x2E:00->01
12:47:38.807 [GLOBAL] p68 0x1418548E0 -> 0x141855CE0
12:47:38.807 [GLOBAL] p70 0x141854A9E -> 0x141855E9E == unit[16]+0x1BE
12:47:38.807 [u16|chr=01] turnMark 1->0 | stagedHeal 0->71 | resFlag 0->64 | unknown +0x1BB:00->01
12:47:39.519 [u16|chr=01] stagedHeal 71->0 | resFlag 64->0
12:47:39.519 [u19|chr=32] turnMark 0->1 | stagedDmg 157->0 | resMeta 2->0 | resFlag 128->0 | unknown +0x2E:00->01
12:47:45.412 [GLOBAL] p68 0x141855CE0 -> 0x1418564E0
12:47:45.412 [GLOBAL] p70 0x141855E9E -> 0x14185669E == unit[20]+0x1BE
12:47:45.412 [u17|chr=80] turnMark 0->1 | unknown +0x1B9:01->00
12:47:45.412 [u18|chr=1E] pendTimer 3->1 | evadeKind 8->0 | unknown +0x1BE:00->01
12:47:45.412 [u19|chr=32] turnMark 1->0
12:47:45.412 [u20|chr=1F] stagedDmg 123->0 | resMeta 2->0 | resFlag 128->0
12:47:47.395 [GLOBAL] p68 0x1418564E0 -> 0x141855EE0
12:47:47.395 [GLOBAL] p70 0x14185669E -> 0x14185609E == unit[17]+0x1BE
12:47:47.395 [u17|chr=80] turnMark 1->0 | stagedHeal 0->34 | resFlag 0->64 | unknown +0x1BB:00->01
12:47:47.980 [u0|chr=82] turnMark 0->1 | unknown +0x2E:00->01
12:47:47.980 [u17|chr=80] stagedHeal 34->0 | resFlag 64->0
12:47:48.360 [GLOBAL] p68 0x141855EE0 -> 0x1418560E0
12:47:48.360 [GLOBAL] p70 0x14185609E -> 0x14185629E == unit[18]+0x1BE
12:47:48.361 [TILES] mark+ x110: (0,0,l0)00->20 (1,0,l0)00->20 (2,0,l0)00->20 (4,0,l0)40->60 (5,0,l0)40->60 (6,0,l0)40->60 (7,0,l0)40->60 (8,0,l0)C0->E0 (9,0,l0)C0->E0 (10,0,l0)C0->E0 (11,0,l0)40->60 (1,1,l0)00->20 (2,1,l0)00->20 (3,1,l0)00->20 (4,1,l0)00->20 (5,1,l0)40->60 (6,1,l0)40->60 (8,1,l0)40->60 (9,1,l0)C0->E0 (10,1,l0)40->60 ...
12:47:48.361 [u16|chr=01] unknown +0x1BB:01->00
12:47:48.361 [u17|chr=80] unknown +0x1BB:01->00
12:47:48.361 [u18|chr=1E] evadeKind 0->8 | unknown +0x1BE:01->00
12:47:48.361 [u19|chr=32] stagedDmg 0->157 | resMeta 0->2 | resFlag 0->128
12:47:48.361 [u20|chr=1F] stagedDmg 0->123 | resMeta 0->2 | resFlag 0->128
12:47:48.412 [TILES] mark- x116: (0,0,l0)20->00 (1,0,l0)20->00 (2,0,l0)20->00 (4,0,l0)60->40 (5,0,l0)60->40 (6,0,l0)60->40 (7,0,l0)60->40 (8,0,l0)E0->C0 (9,0,l0)E0->C0 (10,0,l0)E0->C0 (11,0,l0)60->40 (1,1,l0)20->00 (2,1,l0)20->00 (3,1,l0)20->00 (4,1,l0)20->00 (5,1,l0)60->40 (6,1,l0)60->40 (8,1,l0)60->40 (9,1,l0)E0->C0 (10,1,l0)60->40 ...
12:47:48.946 [u0|chr=82] posX 10->8 | posY 11->10 | facing 0->1 | tile=(8,10,l0) terr=03 h=0 slope=0/0 corners=00 mark=20 flags=24
12:47:48.972 [u0|chr=82] unknown +0x1B9:00->01
12:47:49.201 [u0|chr=82] turnMark 1->0
12:47:49.429 [GLOBAL] p68 0x1418560E0 -> 0x141853CE0
12:47:49.429 [GLOBAL] p70 0x14185629E -> 0x141853E9E == unit[0]+0x1BE
12:47:49.429 [u0|chr=82] facing 1->0 | tile=(8,10,l0) terr=03 h=0 slope=0/0 corners=00 mark=20 flags=24
12:47:49.429 [u8|chr=82] turnMark 0->1 | unknown +0x2E:00->01
12:47:49.836 [GLOBAL] p68 0x141853CE0 -> 0x1418560E0
12:47:49.836 [GLOBAL] p70 0x141853E9E -> 0x14185629E == unit[18]+0x1BE
12:47:49.837 [TILES] mark+ x116: (0,0,l0)00->20 (1,0,l0)00->20 (2,0,l0)00->20 (4,0,l0)40->60 (5,0,l0)40->60 (6,0,l0)40->60 (7,0,l0)40->60 (8,0,l0)C0->E0 (9,0,l0)C0->E0 (10,0,l0)C0->E0 (11,0,l0)40->60 (1,1,l0)00->20 (2,1,l0)00->20 (3,1,l0)00->20 (4,1,l0)00->20 (5,1,l0)40->60 (6,1,l0)40->60 (8,1,l0)40->60 (9,1,l0)C0->E0 (10,1,l0)40->60 ...
12:47:49.888 [TILES] mark- x117: (0,0,l0)20->00 (2,0,l0)20->00 (4,0,l0)60->40 (5,0,l0)60->40 (6,0,l0)60->40 (7,0,l0)60->40 (8,0,l0)E0->C0 (9,0,l0)E0->C0 (10,0,l0)E0->C0 (11,0,l0)60->40 (3,1,l0)20->00 (4,1,l0)20->00 (5,1,l0)60->40 (6,1,l0)60->40 (8,1,l0)60->40 (9,1,l0)E0->C0 (10,1,l0)60->40 (4,2,l0)20->00 (6,2,l0)60->40 (7,2,l0)60->40 ...
12:47:50.395 [u8|chr=82] posX 0->3 | tile=(3,2,l0) terr=03 h=1 slope=1/0 corners=85 mark=20 flags=20
12:47:50.421 [u8|chr=82] unknown +0x1B9:00->01
12:47:50.650 [u8|chr=82] turnMark 1->0
12:47:50.904 [GLOBAL] p68 0x1418560E0 -> 0x141854CE0
12:47:50.904 [GLOBAL] p70 0x14185629E -> 0x141854E9E == unit[8]+0x1BE
12:47:50.905 [u20|chr=1F] turnMark 0->1 | stagedDmg 123->0 | resMeta 2->0 | resFlag 128->0 | unknown +0x2E:00->01
12:47:58.324 [TILES] mark+ x6: (11,2,l0)00->40 (10,3,l0)00->40 (11,3,l0)00->40 (9,4,l0)00->40 (10,4,l0)00->40 (9,5,l0)00->40
12:47:58.324 [TILES] mark- x6: (4,0,l0)40->00 (5,0,l0)40->00 (7,1,l0)40->00 (9,1,l0)C0->80 (11,1,l0)40->00 (9,2,l0)40->00
12:47:58.375 [TILES] mark- x4: (8,0,l0)C0->40 (9,0,l0)C0->40 (10,0,l0)C0->40 (9,1,l0)80->00
12:47:58.730 [TILES] mark+ x1: (9,0,l0)40->C0
12:47:58.958 [TILES] mark+ x1: (8,0,l0)40->C0
12:47:58.959 [TILES] mark- x1: (9,0,l0)C0->40
12:47:59.594 [GLOBAL] p68 0x141854CE0 -> 0x1418560E0
12:47:59.594 [GLOBAL] p70 0x141854E9E -> 0x14185629E == unit[18]+0x1BE
12:47:59.594 [GLOBAL] p78 0x1418560E0 -> 0x1418564E0
12:47:59.594 [GLOBAL] forecastObj 0x141855E9E -> 0x14185629E == unit[18]+0x1BE
12:47:59.594 [u18|chr=1E] evadeKind 8->0 | resMeta 0->2 | resFlag 0->8 | hitPct 100->71 | unknown +0x1BE:00->01 +0x1DC:00->20
12:48:01.398 [TILES] mark+ x1: (9,0,l0)40->C0
12:48:01.399 [TILES] mark- x1: (8,0,l0)C0->40
12:48:01.652 [GLOBAL] p68 0x1418560E0 -> 0x1418562E0
12:48:01.652 [GLOBAL] p70 0x14185629E -> 0x14185649E == unit[19]+0x1BE
12:48:01.652 [GLOBAL] forecastObj 0x14185629E -> 0x14185649E == unit[19]+0x1BE
12:48:01.652 [u19|chr=32] stagedDmg 157->0 | resFlag 128->8 | unknown +0x1DC:00->20
12:48:01.754 [SNAPSHOT] 15 units
12:48:01.754   u0[chr=82 job=61 team=3 lv=68 hp=386/386] pos=(8,10) face=0 turn=0/0 eff=0000000000 master=0000000000 pend=(00,0000,t=255) nib=0000000000000000000000
12:48:01.754   u1[chr=82 job=5E team=3 lv=68 hp=337/337] pos=(1,10) face=3 turn=0/0 eff=0000000000 master=0000000000 pend=(00,0000,t=255) nib=0000000000000000000000
12:48:01.754   u2[chr=82 job=67 team=3 lv=73 hp=469/469] pos=(4,0) face=3 turn=0/1 eff=0000000000 master=0000000000 pend=(B9,0118,t=255) nib=0000000000000000000000
12:48:01.754   u3[chr=82 job=5E team=3 lv=73 hp=367/367] pos=(9,8) face=0 turn=0/0 eff=0000000000 master=0000000000 pend=(00,0000,t=255) nib=0000000000000000000000
12:48:01.754   u4[chr=82 job=67 team=3 lv=71 hp=456/456] pos=(9,12) face=0 turn=0/0 eff=0000000000 master=0000000000 pend=(00,0000,t=255) nib=0000000000000000000000
12:48:01.754   u5[chr=82 job=61 team=3 lv=71 hp=425/425] pos=(2,11) face=0 turn=0/0 eff=0000000000 master=0000000000 pend=(00,0000,t=255) nib=0000000000000000000000
12:48:01.754   u6[chr=82 job=67 team=3 lv=68 hp=454/454] pos=(3,8) face=0 turn=0/0 eff=0000000000 master=0000000000 pend=(00,0000,t=255) nib=0000000000000000000000
12:48:01.754   u7[chr=82 job=5E team=3 lv=74 hp=346/346] pos=(0,2) face=3 turn=0/0 eff=0000000000 master=0000000000 pend=(00,0000,t=255) nib=0000000000000000000000
12:48:01.754   u8[chr=82 job=61 team=3 lv=73 hp=419/419] pos=(3,2) face=3 turn=0/0 eff=0000000000 master=0000000000 pend=(00,0000,t=255) nib=0000000000000000000000
12:48:01.754   u16[chr=01 job=A0 team=0 lv=76 hp=569/569] pos=(5,0) face=2 turn=0/0 eff=0000004000 master=0000000000 pend=(00,0000,t=255) nib=8484738576638888150181
12:48:01.754   u17[chr=80 job=59 team=0 lv=71 hp=277/277] pos=(6,1) face=1 turn=0/0 eff=0000304000 master=0000100000 pend=(00,0000,t=255) nib=8875835468546678140142
12:48:01.754   u18[chr=1E job=50 team=0 lv=70 hp=324/324] pos=(8,0) face=3 turn=0/1 eff=0800003000 master=0800000000 pend=(0B,0010,t=1) nib=8684526355324258101132
12:48:01.754   u19[chr=32 job=58 team=0 lv=69 hp=432/432] pos=(9,0) face=2 turn=0/0 eff=0000000000 master=0000000000 pend=(00,0000,t=255) nib=8363634654233285120131
12:48:01.754   u20[chr=1F job=52 team=0 lv=68 hp=314/314] pos=(9,1) face=2 turn=1/0 eff=0000000000 master=0000000000 pend=(00,0000,t=255) nib=8363534385533355150131
12:48:01.754   u23[chr=66 job=73 team=58 lv=1 hp=606/620] pos=(5,152) face=5 turn=129/144 eff=072F074607 master=900D8190D4 pend=(5F,81F1,t=6) nib=9181C090E046BAB2AC0C94
12:48:31.002 [GLOBAL] casterIdx 18 -> 20
12:48:31.002 [u18|chr=1E] unknown +0x1BB:01->00
12:48:31.002 [u19|chr=32] unknown +0x1BB:02->00
12:48:31.002 [u20|chr=1F] mp 180->174 | actOwner 0->1 | pendType 0->69 | pendAbilityId 0->234 (0x00EA) | pendAA 0->5 | pendEpiX 0->9 | unknown +0x1A0:00->14
12:48:34.331 [u20|chr=1F] evadeKind 0->8 | unknown +0x1BE:01->00
12:48:35.954 [u19|chr=32] status.eff[1] 00->20 [+Darkness] | status.master[1] 00->20 [+Darkness] | unknown +0x1BB:00->02
12:48:35.954 [u20|chr=1F] facing 2->0 | tile=(9,1,l0) terr=03 h=1 slope=0/0 corners=00 mark=00 flags=20
12:48:40.022 [GLOBAL] p68 0x1418562E0 -> 0x1418564E0
12:48:40.022 [GLOBAL] p70 0x14185649E -> 0x14185669E == unit[20]+0x1BE
12:48:40.022 [u20|chr=1F] unknown +0x1BB:00->01
12:48:40.123 [u16|chr=01] JP1[8] 1983->1993 | JP2[8] 2403->2413
12:48:40.123 [u17|chr=80] JP1[8] 1723->1733 | JP2[8] 1723->1733
12:48:40.123 [u18|chr=1E] JP1[8] 1266->1276 | JP2[8] 1266->1276
12:48:40.123 [u19|chr=32] JP1[8] 1419->1429 | JP2[8] 1419->1429
12:48:40.123 [u20|chr=1F] JP1[8] 1843->1896 | JP2[8] 7923->7976 | unknown +0x28:13->1E
12:48:51.354 [u18|chr=1E] pendTimer 1->255
12:48:51.354 [u20|chr=1F] turnMark 1->0 | evadeKind 8->0 | unknown +0x1BE:00->01
12:48:51.608 [GLOBAL] casterIdx 20 -> 18
12:48:51.609 [TILES] mark+ x6: (4,0,l0)00->40 (5,0,l0)00->40 (7,1,l0)00->40 (9,1,l0)00->40 (11,1,l0)00->40 (9,2,l0)00->40
12:48:51.609 [TILES] mark- x6: (11,2,l0)40->00 (10,3,l0)40->00 (11,3,l0)40->00 (9,4,l0)40->00 (10,4,l0)40->00 (9,5,l0)40->00
12:48:51.609 [u18|chr=1E] mp 233->227 | status.eff[0] 08->00 [-Charging*] | status.master[0] 08->00 [-Charging*]
12:48:51.609 [u19|chr=32] unknown +0x1BB:02->00
12:48:51.609 [u20|chr=1F] unknown +0x1BB:01->00
12:48:54.226 [GLOBAL] p78 0x1418564E0 -> 0x1418560E0
12:48:54.226 [TILES] mark+ x3: (8,0,l0)40->C0 (10,0,l0)40->C0 (9,1,l0)40->C0
12:48:54.226 [u18|chr=1E] stagedDmg 0->99 | resFlag 8->128 | hitPct 71->100 | unknown +0x1DC:20->00
12:48:54.227 [u19|chr=32] stagedDmg 0->157 | resFlag 8->128 | unknown +0x1DC:20->00
12:48:54.227 [u20|chr=1F] stagedDmg 0->123 | resMeta 0->2 | resFlag 0->128
12:48:55.827 [u18|chr=1E] hp 324->225 | unknown +0x1BB:00->02
12:48:55.827 [u19|chr=32] mp 92->0 | stagedDmg 157->0 | stagedMpDebit 0->157 | resFlag 128->32 | unknown +0x1BB:00->02 +0x1CE:00->BD +0x1CF:00->01
12:48:55.827 [u20|chr=1F] hp 314->191 | unknown +0x1BB:00->02
12:49:00.346 [GLOBAL] p68 0x1418564E0 -> 0x1418560E0
12:49:00.346 [GLOBAL] p70 0x14185669E -> 0x14185629E == unit[18]+0x1BE
12:49:00.346 [u18|chr=1E] evadeKind 0->8 | stagedDmg 99->0 | resMeta 2->0 | resFlag 128->0 | unknown +0x1BB:02->01 +0x1BE:01->00
12:49:00.448 [GLOBAL] abilityId 451 -> 445 (0x01BD)
12:49:00.448 [u16|chr=01] JP1[6] 2655->2664 | JP2[6] 3255->3264
12:49:00.449 [u17|chr=80] JP1[6] 1129->1138 | JP2[6] 1129->1138
12:49:00.449 [u18|chr=1E] JP1[6] 1404->1452 | JP2[6] 2054->2102 | unknown +0x28:22->2C
12:49:00.449 [u19|chr=32] JP1[6] 745->754 | JP2[6] 945->954 | unknown +0x1CE:BD->00 +0x1CF:01->00
12:49:00.449 [u20|chr=1F] JP1[6] 552->561 | JP2[6] 902->911
12:49:01.771 [SNAPSHOT] 15 units
12:49:01.771   u0[chr=82 job=61 team=3 lv=68 hp=386/386] pos=(8,10) face=0 turn=0/0 eff=0000000000 master=0000000000 pend=(00,0000,t=255) nib=0000000000000000000000
12:49:01.771   u1[chr=82 job=5E team=3 lv=68 hp=337/337] pos=(1,10) face=3 turn=0/0 eff=0000000000 master=0000000000 pend=(00,0000,t=255) nib=0000000000000000000000
12:49:01.771   u2[chr=82 job=67 team=3 lv=73 hp=469/469] pos=(4,0) face=3 turn=0/1 eff=0000000000 master=0000000000 pend=(B9,0118,t=255) nib=0000000000000000000000
12:49:01.771   u3[chr=82 job=5E team=3 lv=73 hp=367/367] pos=(9,8) face=0 turn=0/0 eff=0000000000 master=0000000000 pend=(00,0000,t=255) nib=0000000000000000000000
12:49:01.771   u4[chr=82 job=67 team=3 lv=71 hp=456/456] pos=(9,12) face=0 turn=0/0 eff=0000000000 master=0000000000 pend=(00,0000,t=255) nib=0000000000000000000000
12:49:01.771   u5[chr=82 job=61 team=3 lv=71 hp=425/425] pos=(2,11) face=0 turn=0/0 eff=0000000000 master=0000000000 pend=(00,0000,t=255) nib=0000000000000000000000
12:49:01.771   u6[chr=82 job=67 team=3 lv=68 hp=454/454] pos=(3,8) face=0 turn=0/0 eff=0000000000 master=0000000000 pend=(00,0000,t=255) nib=0000000000000000000000
12:49:01.771   u7[chr=82 job=5E team=3 lv=74 hp=346/346] pos=(0,2) face=3 turn=0/0 eff=0000000000 master=0000000000 pend=(00,0000,t=255) nib=0000000000000000000000
12:49:01.771   u8[chr=82 job=61 team=3 lv=73 hp=419/419] pos=(3,2) face=3 turn=0/0 eff=0000000000 master=0000000000 pend=(00,0000,t=255) nib=0000000000000000000000
12:49:01.771   u16[chr=01 job=A0 team=0 lv=76 hp=569/569] pos=(5,0) face=2 turn=0/0 eff=0000004000 master=0000000000 pend=(00,0000,t=255) nib=8484738576638888150181
12:49:01.771   u17[chr=80 job=59 team=0 lv=71 hp=277/277] pos=(6,1) face=1 turn=0/0 eff=0000304000 master=0000100000 pend=(00,0000,t=255) nib=8875835468546678140142
12:49:01.771   u18[chr=1E job=50 team=0 lv=70 hp=225/324] pos=(8,0) face=3 turn=0/1 eff=0000003000 master=0000000000 pend=(0B,0010,t=255) nib=8684526355324258101132
12:49:01.771   u19[chr=32 job=58 team=0 lv=69 hp=432/432] pos=(9,0) face=2 turn=0/0 eff=0020000000 master=0020000000 pend=(00,0000,t=255) nib=8363634654233285120131
12:49:01.771   u20[chr=1F job=52 team=0 lv=68 hp=191/314] pos=(9,1) face=0 turn=0/1 eff=0000000000 master=0000000000 pend=(45,00EA,t=255) nib=8363534385533355150131
12:49:01.771   u23[chr=66 job=73 team=58 lv=1 hp=606/620] pos=(5,152) face=5 turn=129/144 eff=072F074607 master=900D8190D4 pend=(5F,81F1,t=6) nib=9181C090E046BAB2AC0C94
12:49:02.051 [GLOBAL] p68 0x1418560E0 -> 0x1418564E0
12:49:02.051 [GLOBAL] p70 0x14185629E -> 0x14185669E == unit[20]+0x1BE
12:49:02.051 [u17|chr=80] turnMark 0->1
12:49:02.051 [u18|chr=1E] evadeKind 8->0 | unknown +0x1BE:00->01
12:49:02.051 [u19|chr=32] stagedMpDebit 157->0 | resMeta 2->0 | resFlag 32->0
12:49:02.051 [u20|chr=1F] stagedDmg 123->0 | resMeta 2->0 | resFlag 128->0
12:50:01.791 [SNAPSHOT] 15 units
12:50:01.791   u0[chr=82 job=61 team=3 lv=68 hp=386/386] pos=(8,10) face=0 turn=0/0 eff=0000000000 master=0000000000 pend=(00,0000,t=255) nib=0000000000000000000000
12:50:01.791   u1[chr=82 job=5E team=3 lv=68 hp=337/337] pos=(1,10) face=3 turn=0/0 eff=0000000000 master=0000000000 pend=(00,0000,t=255) nib=0000000000000000000000
12:50:01.791   u2[chr=82 job=67 team=3 lv=73 hp=469/469] pos=(4,0) face=3 turn=0/1 eff=0000000000 master=0000000000 pend=(B9,0118,t=255) nib=0000000000000000000000
12:50:01.791   u3[chr=82 job=5E team=3 lv=73 hp=367/367] pos=(9,8) face=0 turn=0/0 eff=0000000000 master=0000000000 pend=(00,0000,t=255) nib=0000000000000000000000
12:50:01.791   u4[chr=82 job=67 team=3 lv=71 hp=456/456] pos=(9,12) face=0 turn=0/0 eff=0000000000 master=0000000000 pend=(00,0000,t=255) nib=0000000000000000000000
12:50:01.791   u5[chr=82 job=61 team=3 lv=71 hp=425/425] pos=(2,11) face=0 turn=0/0 eff=0000000000 master=0000000000 pend=(00,0000,t=255) nib=0000000000000000000000
12:50:01.791   u6[chr=82 job=67 team=3 lv=68 hp=454/454] pos=(3,8) face=0 turn=0/0 eff=0000000000 master=0000000000 pend=(00,0000,t=255) nib=0000000000000000000000
12:50:01.791   u7[chr=82 job=5E team=3 lv=74 hp=346/346] pos=(0,2) face=3 turn=0/0 eff=0000000000 master=0000000000 pend=(00,0000,t=255) nib=0000000000000000000000
12:50:01.791   u8[chr=82 job=61 team=3 lv=73 hp=419/419] pos=(3,2) face=3 turn=0/0 eff=0000000000 master=0000000000 pend=(00,0000,t=255) nib=0000000000000000000000
12:50:01.791   u16[chr=01 job=A0 team=0 lv=76 hp=569/569] pos=(5,0) face=2 turn=0/0 eff=0000004000 master=0000000000 pend=(00,0000,t=255) nib=8484738576638888150181
12:50:01.791   u17[chr=80 job=59 team=0 lv=71 hp=277/277] pos=(6,1) face=1 turn=1/0 eff=0000304000 master=0000100000 pend=(00,0000,t=255) nib=8875835468546678140142
12:50:01.791   u18[chr=1E job=50 team=0 lv=70 hp=225/324] pos=(8,0) face=3 turn=0/1 eff=0000003000 master=0000000000 pend=(0B,0010,t=255) nib=8684526355324258101132
12:50:01.791   u19[chr=32 job=58 team=0 lv=69 hp=432/432] pos=(9,0) face=2 turn=0/0 eff=0020000000 master=0020000000 pend=(00,0000,t=255) nib=8363634654233285120131
12:50:01.791   u20[chr=1F job=52 team=0 lv=68 hp=191/314] pos=(9,1) face=0 turn=0/1 eff=0000000000 master=0000000000 pend=(45,00EA,t=255) nib=8363534385533355150131
12:50:01.791   u23[chr=66 job=73 team=58 lv=1 hp=606/620] pos=(5,152) face=5 turn=129/144 eff=072F074607 master=900D8190D4 pend=(5F,81F1,t=6) nib=9181C090E046BAB2AC0C94
12:51:01.804 [SNAPSHOT] 15 units
12:51:01.805   u0[chr=82 job=61 team=3 lv=68 hp=386/386] pos=(8,10) face=0 turn=0/0 eff=0000000000 master=0000000000 pend=(00,0000,t=255) nib=0000000000000000000000
12:51:01.805   u1[chr=82 job=5E team=3 lv=68 hp=337/337] pos=(1,10) face=3 turn=0/0 eff=0000000000 master=0000000000 pend=(00,0000,t=255) nib=0000000000000000000000
12:51:01.805   u2[chr=82 job=67 team=3 lv=73 hp=469/469] pos=(4,0) face=3 turn=0/1 eff=0000000000 master=0000000000 pend=(B9,0118,t=255) nib=0000000000000000000000
12:51:01.805   u3[chr=82 job=5E team=3 lv=73 hp=367/367] pos=(9,8) face=0 turn=0/0 eff=0000000000 master=0000000000 pend=(00,0000,t=255) nib=0000000000000000000000
12:51:01.805   u4[chr=82 job=67 team=3 lv=71 hp=456/456] pos=(9,12) face=0 turn=0/0 eff=0000000000 master=0000000000 pend=(00,0000,t=255) nib=0000000000000000000000
12:51:01.805   u5[chr=82 job=61 team=3 lv=71 hp=425/425] pos=(2,11) face=0 turn=0/0 eff=0000000000 master=0000000000 pend=(00,0000,t=255) nib=0000000000000000000000
12:51:01.805   u6[chr=82 job=67 team=3 lv=68 hp=454/454] pos=(3,8) face=0 turn=0/0 eff=0000000000 master=0000000000 pend=(00,0000,t=255) nib=0000000000000000000000
12:51:01.805   u7[chr=82 job=5E team=3 lv=74 hp=346/346] pos=(0,2) face=3 turn=0/0 eff=0000000000 master=0000000000 pend=(00,0000,t=255) nib=0000000000000000000000
12:51:01.805   u8[chr=82 job=61 team=3 lv=73 hp=419/419] pos=(3,2) face=3 turn=0/0 eff=0000000000 master=0000000000 pend=(00,0000,t=255) nib=0000000000000000000000
12:51:01.805   u16[chr=01 job=A0 team=0 lv=76 hp=569/569] pos=(5,0) face=2 turn=0/0 eff=0000004000 master=0000000000 pend=(00,0000,t=255) nib=8484738576638888150181
12:51:01.805   u17[chr=80 job=59 team=0 lv=71 hp=277/277] pos=(6,1) face=1 turn=1/0 eff=0000304000 master=0000100000 pend=(00,0000,t=255) nib=8875835468546678140142
12:51:01.805   u18[chr=1E job=50 team=0 lv=70 hp=225/324] pos=(8,0) face=3 turn=0/1 eff=0000003000 master=0000000000 pend=(0B,0010,t=255) nib=8684526355324258101132
12:51:01.805   u19[chr=32 job=58 team=0 lv=69 hp=432/432] pos=(9,0) face=2 turn=0/0 eff=0020000000 master=0020000000 pend=(00,0000,t=255) nib=8363634654233285120131
12:51:01.805   u20[chr=1F job=52 team=0 lv=68 hp=191/314] pos=(9,1) face=0 turn=0/1 eff=0000000000 master=0000000000 pend=(45,00EA,t=255) nib=8363534385533355150131
12:51:01.805   u23[chr=66 job=73 team=58 lv=1 hp=606/620] pos=(5,152) face=5 turn=129/144 eff=072F074607 master=900D8190D4 pend=(5F,81F1,t=6) nib=9181C090E046BAB2AC0C94
12:52:01.806 [SNAPSHOT] 15 units
12:52:01.806   u0[chr=82 job=61 team=3 lv=68 hp=386/386] pos=(8,10) face=0 turn=0/0 eff=0000000000 master=0000000000 pend=(00,0000,t=255) nib=0000000000000000000000
12:52:01.806   u1[chr=82 job=5E team=3 lv=68 hp=337/337] pos=(1,10) face=3 turn=0/0 eff=0000000000 master=0000000000 pend=(00,0000,t=255) nib=0000000000000000000000
12:52:01.806   u2[chr=82 job=67 team=3 lv=73 hp=469/469] pos=(4,0) face=3 turn=0/1 eff=0000000000 master=0000000000 pend=(B9,0118,t=255) nib=0000000000000000000000
12:52:01.806   u3[chr=82 job=5E team=3 lv=73 hp=367/367] pos=(9,8) face=0 turn=0/0 eff=0000000000 master=0000000000 pend=(00,0000,t=255) nib=0000000000000000000000
12:52:01.806   u4[chr=82 job=67 team=3 lv=71 hp=456/456] pos=(9,12) face=0 turn=0/0 eff=0000000000 master=0000000000 pend=(00,0000,t=255) nib=0000000000000000000000
12:52:01.806   u5[chr=82 job=61 team=3 lv=71 hp=425/425] pos=(2,11) face=0 turn=0/0 eff=0000000000 master=0000000000 pend=(00,0000,t=255) nib=0000000000000000000000
12:52:01.806   u6[chr=82 job=67 team=3 lv=68 hp=454/454] pos=(3,8) face=0 turn=0/0 eff=0000000000 master=0000000000 pend=(00,0000,t=255) nib=0000000000000000000000
12:52:01.806   u7[chr=82 job=5E team=3 lv=74 hp=346/346] pos=(0,2) face=3 turn=0/0 eff=0000000000 master=0000000000 pend=(00,0000,t=255) nib=0000000000000000000000
12:52:01.806   u8[chr=82 job=61 team=3 lv=73 hp=419/419] pos=(3,2) face=3 turn=0/0 eff=0000000000 master=0000000000 pend=(00,0000,t=255) nib=0000000000000000000000
12:52:01.806   u16[chr=01 job=A0 team=0 lv=76 hp=569/569] pos=(5,0) face=2 turn=0/0 eff=0000004000 master=0000000000 pend=(00,0000,t=255) nib=8484738576638888150181
12:52:01.806   u17[chr=80 job=59 team=0 lv=71 hp=277/277] pos=(6,1) face=1 turn=1/0 eff=0000304000 master=0000100000 pend=(00,0000,t=255) nib=8875835468546678140142
12:52:01.806   u18[chr=1E job=50 team=0 lv=70 hp=225/324] pos=(8,0) face=3 turn=0/1 eff=0000003000 master=0000000000 pend=(0B,0010,t=255) nib=8684526355324258101132
12:52:01.806   u19[chr=32 job=58 team=0 lv=69 hp=432/432] pos=(9,0) face=2 turn=0/0 eff=0020000000 master=0020000000 pend=(00,0000,t=255) nib=8363634654233285120131
12:52:01.806   u20[chr=1F job=52 team=0 lv=68 hp=191/314] pos=(9,1) face=0 turn=0/1 eff=0000000000 master=0000000000 pend=(45,00EA,t=255) nib=8363534385533355150131
12:52:01.806   u23[chr=66 job=73 team=58 lv=1 hp=606/620] pos=(5,152) face=5 turn=129/144 eff=072F074607 master=900D8190D4 pend=(5F,81F1,t=6) nib=9181C090E046BAB2AC0C94
12:52:52.966 [u18|chr=1E] status.imm[1] 00->20 [+Darkness]
12:53:01.807 [SNAPSHOT] 15 units
12:53:01.807   u0[chr=82 job=61 team=3 lv=68 hp=386/386] pos=(8,10) face=0 turn=0/0 eff=0000000000 master=0000000000 pend=(00,0000,t=255) nib=0000000000000000000000
12:53:01.807   u1[chr=82 job=5E team=3 lv=68 hp=337/337] pos=(1,10) face=3 turn=0/0 eff=0000000000 master=0000000000 pend=(00,0000,t=255) nib=0000000000000000000000
12:53:01.807   u2[chr=82 job=67 team=3 lv=73 hp=469/469] pos=(4,0) face=3 turn=0/1 eff=0000000000 master=0000000000 pend=(B9,0118,t=255) nib=0000000000000000000000
12:53:01.807   u3[chr=82 job=5E team=3 lv=73 hp=367/367] pos=(9,8) face=0 turn=0/0 eff=0000000000 master=0000000000 pend=(00,0000,t=255) nib=0000000000000000000000
12:53:01.807   u4[chr=82 job=67 team=3 lv=71 hp=456/456] pos=(9,12) face=0 turn=0/0 eff=0000000000 master=0000000000 pend=(00,0000,t=255) nib=0000000000000000000000
12:53:01.807   u5[chr=82 job=61 team=3 lv=71 hp=425/425] pos=(2,11) face=0 turn=0/0 eff=0000000000 master=0000000000 pend=(00,0000,t=255) nib=0000000000000000000000
12:53:01.807   u6[chr=82 job=67 team=3 lv=68 hp=454/454] pos=(3,8) face=0 turn=0/0 eff=0000000000 master=0000000000 pend=(00,0000,t=255) nib=0000000000000000000000
12:53:01.807   u7[chr=82 job=5E team=3 lv=74 hp=346/346] pos=(0,2) face=3 turn=0/0 eff=0000000000 master=0000000000 pend=(00,0000,t=255) nib=0000000000000000000000
12:53:01.807   u8[chr=82 job=61 team=3 lv=73 hp=419/419] pos=(3,2) face=3 turn=0/0 eff=0000000000 master=0000000000 pend=(00,0000,t=255) nib=0000000000000000000000
12:53:01.807   u16[chr=01 job=A0 team=0 lv=76 hp=569/569] pos=(5,0) face=2 turn=0/0 eff=0000004000 master=0000000000 pend=(00,0000,t=255) nib=8484738576638888150181
12:53:01.807   u17[chr=80 job=59 team=0 lv=71 hp=277/277] pos=(6,1) face=1 turn=1/0 eff=0000304000 master=0000100000 pend=(00,0000,t=255) nib=8875835468546678140142
12:53:01.807   u18[chr=1E job=50 team=0 lv=70 hp=225/324] pos=(8,0) face=3 turn=0/1 eff=0000003000 master=0000000000 pend=(0B,0010,t=255) nib=8684526355324258101132
12:53:01.807   u19[chr=32 job=58 team=0 lv=69 hp=432/432] pos=(9,0) face=2 turn=0/0 eff=0020000000 master=0020000000 pend=(00,0000,t=255) nib=8363634654233285120131
12:53:01.807   u20[chr=1F job=52 team=0 lv=68 hp=191/314] pos=(9,1) face=0 turn=0/1 eff=0000000000 master=0000000000 pend=(45,00EA,t=255) nib=8363534385533355150131
12:53:01.807   u23[chr=66 job=73 team=58 lv=1 hp=606/620] pos=(5,152) face=5 turn=129/144 eff=072F074607 master=900D8190D4 pend=(5F,81F1,t=6) nib=9181C090E046BAB2AC0C94
12:54:01.824 [SNAPSHOT] 15 units
12:54:01.824   u0[chr=82 job=61 team=3 lv=68 hp=386/386] pos=(8,10) face=0 turn=0/0 eff=0000000000 master=0000000000 pend=(00,0000,t=255) nib=0000000000000000000000
12:54:01.824   u1[chr=82 job=5E team=3 lv=68 hp=337/337] pos=(1,10) face=3 turn=0/0 eff=0000000000 master=0000000000 pend=(00,0000,t=255) nib=0000000000000000000000
12:54:01.824   u2[chr=82 job=67 team=3 lv=73 hp=469/469] pos=(4,0) face=3 turn=0/1 eff=0000000000 master=0000000000 pend=(B9,0118,t=255) nib=0000000000000000000000
12:54:01.824   u3[chr=82 job=5E team=3 lv=73 hp=367/367] pos=(9,8) face=0 turn=0/0 eff=0000000000 master=0000000000 pend=(00,0000,t=255) nib=0000000000000000000000
12:54:01.824   u4[chr=82 job=67 team=3 lv=71 hp=456/456] pos=(9,12) face=0 turn=0/0 eff=0000000000 master=0000000000 pend=(00,0000,t=255) nib=0000000000000000000000
12:54:01.824   u5[chr=82 job=61 team=3 lv=71 hp=425/425] pos=(2,11) face=0 turn=0/0 eff=0000000000 master=0000000000 pend=(00,0000,t=255) nib=0000000000000000000000
12:54:01.824   u6[chr=82 job=67 team=3 lv=68 hp=454/454] pos=(3,8) face=0 turn=0/0 eff=0000000000 master=0000000000 pend=(00,0000,t=255) nib=0000000000000000000000
12:54:01.824   u7[chr=82 job=5E team=3 lv=74 hp=346/346] pos=(0,2) face=3 turn=0/0 eff=0000000000 master=0000000000 pend=(00,0000,t=255) nib=0000000000000000000000
12:54:01.824   u8[chr=82 job=61 team=3 lv=73 hp=419/419] pos=(3,2) face=3 turn=0/0 eff=0000000000 master=0000000000 pend=(00,0000,t=255) nib=0000000000000000000000
12:54:01.824   u16[chr=01 job=A0 team=0 lv=76 hp=569/569] pos=(5,0) face=2 turn=0/0 eff=0000004000 master=0000000000 pend=(00,0000,t=255) nib=8484738576638888150181
12:54:01.824   u17[chr=80 job=59 team=0 lv=71 hp=277/277] pos=(6,1) face=1 turn=1/0 eff=0000304000 master=0000100000 pend=(00,0000,t=255) nib=8875835468546678140142
12:54:01.824   u18[chr=1E job=50 team=0 lv=70 hp=225/324] pos=(8,0) face=3 turn=0/1 eff=0000003000 master=0000000000 pend=(0B,0010,t=255) nib=8684526355324258101132
12:54:01.824   u19[chr=32 job=58 team=0 lv=69 hp=432/432] pos=(9,0) face=2 turn=0/0 eff=0020000000 master=0020000000 pend=(00,0000,t=255) nib=8363634654233285120131
12:54:01.824   u20[chr=1F job=52 team=0 lv=68 hp=191/314] pos=(9,1) face=0 turn=0/1 eff=0000000000 master=0000000000 pend=(45,00EA,t=255) nib=8363534385533355150131
12:54:01.824   u23[chr=66 job=73 team=58 lv=1 hp=606/620] pos=(5,152) face=5 turn=129/144 eff=072F074607 master=900D8190D4 pend=(5F,81F1,t=6) nib=9181C090E046BAB2AC0C94
12:55:01.838 [SNAPSHOT] 15 units
12:55:01.838   u0[chr=82 job=61 team=3 lv=68 hp=386/386] pos=(8,10) face=0 turn=0/0 eff=0000000000 master=0000000000 pend=(00,0000,t=255) nib=0000000000000000000000
12:55:01.838   u1[chr=82 job=5E team=3 lv=68 hp=337/337] pos=(1,10) face=3 turn=0/0 eff=0000000000 master=0000000000 pend=(00,0000,t=255) nib=0000000000000000000000
12:55:01.838   u2[chr=82 job=67 team=3 lv=73 hp=469/469] pos=(4,0) face=3 turn=0/1 eff=0000000000 master=0000000000 pend=(B9,0118,t=255) nib=0000000000000000000000
12:55:01.838   u3[chr=82 job=5E team=3 lv=73 hp=367/367] pos=(9,8) face=0 turn=0/0 eff=0000000000 master=0000000000 pend=(00,0000,t=255) nib=0000000000000000000000
12:55:01.838   u4[chr=82 job=67 team=3 lv=71 hp=456/456] pos=(9,12) face=0 turn=0/0 eff=0000000000 master=0000000000 pend=(00,0000,t=255) nib=0000000000000000000000
12:55:01.838   u5[chr=82 job=61 team=3 lv=71 hp=425/425] pos=(2,11) face=0 turn=0/0 eff=0000000000 master=0000000000 pend=(00,0000,t=255) nib=0000000000000000000000
12:55:01.838   u6[chr=82 job=67 team=3 lv=68 hp=454/454] pos=(3,8) face=0 turn=0/0 eff=0000000000 master=0000000000 pend=(00,0000,t=255) nib=0000000000000000000000
12:55:01.838   u7[chr=82 job=5E team=3 lv=74 hp=346/346] pos=(0,2) face=3 turn=0/0 eff=0000000000 master=0000000000 pend=(00,0000,t=255) nib=0000000000000000000000
12:55:01.838   u8[chr=82 job=61 team=3 lv=73 hp=419/419] pos=(3,2) face=3 turn=0/0 eff=0000000000 master=0000000000 pend=(00,0000,t=255) nib=0000000000000000000000
12:55:01.838   u16[chr=01 job=A0 team=0 lv=76 hp=569/569] pos=(5,0) face=2 turn=0/0 eff=0000004000 master=0000000000 pend=(00,0000,t=255) nib=8484738576638888150181
12:55:01.838   u17[chr=80 job=59 team=0 lv=71 hp=277/277] pos=(6,1) face=1 turn=1/0 eff=0000304000 master=0000100000 pend=(00,0000,t=255) nib=8875835468546678140142
12:55:01.838   u18[chr=1E job=50 team=0 lv=70 hp=225/324] pos=(8,0) face=3 turn=0/1 eff=0000003000 master=0000000000 pend=(0B,0010,t=255) nib=8684526355324258101132
12:55:01.838   u19[chr=32 job=58 team=0 lv=69 hp=432/432] pos=(9,0) face=2 turn=0/0 eff=0020000000 master=0020000000 pend=(00,0000,t=255) nib=8363634654233285120131
12:55:01.838   u20[chr=1F job=52 team=0 lv=68 hp=191/314] pos=(9,1) face=0 turn=0/1 eff=0000000000 master=0000000000 pend=(45,00EA,t=255) nib=8363534385533355150131
12:55:01.838   u23[chr=66 job=73 team=58 lv=1 hp=606/620] pos=(5,152) face=5 turn=129/144 eff=072F074607 master=900D8190D4 pend=(5F,81F1,t=6) nib=9181C090E046BAB2AC0C94
12:55:49.123 [TILES] mark+ x38: (2,0,l0)00->20 (6,0,l0)40->60 (7,0,l0)40->60 (10,0,l0)C0->E0 (11,0,l0)40->60 (3,1,l0)00->20 (4,1,l0)00->20 (5,1,l0)40->60 (8,1,l0)40->60 (10,1,l0)40->60 (4,2,l0)00->20 (6,2,l0)40->60 (7,2,l0)40->60 (8,2,l0)40->60 (10,2,l0)40->60 (11,2,l0)00->20 (3,3,l0)00->20 (4,3,l0)00->20 (5,3,l0)00->20 (6,3,l0)00->20 ...
12:55:49.123 [TILES] mark- x5: (3,2,l0)20->00 (0,3,l0)20->00 (0,4,l0)20->00 (1,4,l0)20->00 (0,5,l0)20->00
12:55:50.879 [u17|chr=80] posX 6->4 | tile=(4,1,l0) terr=03 h=1 slope=0/0 corners=00 mark=20 flags=20
12:55:50.955 [u17|chr=80] unknown +0x1B9:00->01
12:55:52.022 [GLOBAL] p68 0x1418564E0 -> 0x141855EE0
12:55:52.022 [GLOBAL] p70 0x14185669E -> 0x14185609E == unit[17]+0x1BE
12:55:52.022 [u17|chr=80] turnMark 1->0 | stagedHeal 0->34 | resFlag 0->64 | unknown +0x1BB:00->01
12:55:53.039 [u17|chr=80] stagedHeal 34->0 | resFlag 64->0
12:55:53.040 [u18|chr=1E] turnMark 0->1 | actOwner 1->0
12:55:58.863 [GLOBAL] p68 0x141855EE0 -> 0x1418564E0
12:55:58.863 [GLOBAL] p70 0x14185609E -> 0x14185669E == unit[20]+0x1BE
12:55:58.864 [u16|chr=01] turnMark 0->1
12:55:58.864 [u18|chr=1E] turnMark 1->0
12:56:01.861 [SNAPSHOT] 15 units
12:56:01.861   u0[chr=82 job=61 team=3 lv=68 hp=386/386] pos=(8,10) face=0 turn=0/0 eff=0000000000 master=0000000000 pend=(00,0000,t=255) nib=0000000000000000000000
12:56:01.861   u1[chr=82 job=5E team=3 lv=68 hp=337/337] pos=(1,10) face=3 turn=0/0 eff=0000000000 master=0000000000 pend=(00,0000,t=255) nib=0000000000000000000000
12:56:01.861   u2[chr=82 job=67 team=3 lv=73 hp=469/469] pos=(4,0) face=3 turn=0/1 eff=0000000000 master=0000000000 pend=(B9,0118,t=255) nib=0000000000000000000000
12:56:01.861   u3[chr=82 job=5E team=3 lv=73 hp=367/367] pos=(9,8) face=0 turn=0/0 eff=0000000000 master=0000000000 pend=(00,0000,t=255) nib=0000000000000000000000
12:56:01.861   u4[chr=82 job=67 team=3 lv=71 hp=456/456] pos=(9,12) face=0 turn=0/0 eff=0000000000 master=0000000000 pend=(00,0000,t=255) nib=0000000000000000000000
12:56:01.861   u5[chr=82 job=61 team=3 lv=71 hp=425/425] pos=(2,11) face=0 turn=0/0 eff=0000000000 master=0000000000 pend=(00,0000,t=255) nib=0000000000000000000000
12:56:01.861   u6[chr=82 job=67 team=3 lv=68 hp=454/454] pos=(3,8) face=0 turn=0/0 eff=0000000000 master=0000000000 pend=(00,0000,t=255) nib=0000000000000000000000
12:56:01.861   u7[chr=82 job=5E team=3 lv=74 hp=346/346] pos=(0,2) face=3 turn=0/0 eff=0000000000 master=0000000000 pend=(00,0000,t=255) nib=0000000000000000000000
12:56:01.861   u8[chr=82 job=61 team=3 lv=73 hp=419/419] pos=(3,2) face=3 turn=0/0 eff=0000000000 master=0000000000 pend=(00,0000,t=255) nib=0000000000000000000000
12:56:01.861   u16[chr=01 job=A0 team=0 lv=76 hp=569/569] pos=(5,0) face=2 turn=1/0 eff=0000004000 master=0000000000 pend=(00,0000,t=255) nib=8484738576638888150181
12:56:01.861   u17[chr=80 job=59 team=0 lv=71 hp=277/277] pos=(4,1) face=1 turn=0/0 eff=0000304000 master=0000100000 pend=(00,0000,t=255) nib=8875835468546678140142
12:56:01.861   u18[chr=1E job=50 team=0 lv=70 hp=225/324] pos=(8,0) face=3 turn=0/0 eff=0000003000 master=0000000000 pend=(0B,0010,t=255) nib=8684526355324258101132
12:56:01.861   u19[chr=32 job=58 team=0 lv=69 hp=432/432] pos=(9,0) face=2 turn=0/0 eff=0020000000 master=0020000000 pend=(00,0000,t=255) nib=8363634654233285120131
12:56:01.861   u20[chr=1F job=52 team=0 lv=68 hp=191/314] pos=(9,1) face=0 turn=0/1 eff=0000000000 master=0000000000 pend=(45,00EA,t=255) nib=8363534385533355150131
12:56:01.861   u23[chr=66 job=73 team=58 lv=1 hp=606/620] pos=(5,152) face=5 turn=129/144 eff=072F074607 master=900D8190D4 pend=(5F,81F1,t=6) nib=9181C090E046BAB2AC0C94
12:56:01.937 [GLOBAL] p68 0x1418564E0 -> 0x141855CE0
12:56:01.937 [GLOBAL] p70 0x14185669E -> 0x141855E9E == unit[16]+0x1BE
12:56:01.937 [u16|chr=01] turnMark 1->0 | stagedHeal 0->71 | resFlag 0->64 | unknown +0x1BB:00->01
12:56:02.598 [u16|chr=01] stagedHeal 71->0 | resFlag 64->0
12:56:02.598 [u19|chr=32] turnMark 0->1
12:56:06.993 [GLOBAL] p68 0x141855CE0 -> 0x1418564E0
12:56:06.993 [GLOBAL] p70 0x141855E9E -> 0x14185669E == unit[20]+0x1BE
12:56:06.993 [u3|chr=82] turnMark 0->1 | unknown +0x1B9:01->00
12:56:06.993 [u19|chr=32] turnMark 1->0
12:56:07.732 [TILES] mark+ x84: (0,0,l0)00->20 (4,0,l0)40->60 (5,0,l0)40->60 (8,0,l0)C0->E0 (9,0,l0)C0->E0 (6,1,l0)40->60 (9,1,l0)C0->E0 (0,2,l0)00->20 (3,2,l0)00->20 (0,3,l0)00->20 (11,3,l0)00->20 (0,4,l0)00->20 (1,4,l0)00->20 (2,4,l0)00->20 (10,4,l0)00->20 (0,5,l0)00->20 (1,5,l0)00->20 (9,5,l0)00->20 (10,5,l0)00->20 (11,5,l0)00->20 ...
12:56:07.783 [TILES] mark- x83: (0,0,l0)20->00 (1,0,l0)20->00 (2,0,l0)20->00 (4,0,l0)60->40 (5,0,l0)60->40 (6,0,l0)60->40 (7,0,l0)60->40 (8,0,l0)E0->C0 (9,0,l0)E0->C0 (10,0,l0)E0->C0 (11,0,l0)60->40 (1,1,l0)20->00 (2,1,l0)20->00 (3,1,l0)20->00 (4,1,l0)20->00 (5,1,l0)60->40 (6,1,l0)60->40 (8,1,l0)60->40 (9,1,l0)E0->C0 (10,1,l0)60->40 ...
12:56:08.088 [u3|chr=82] posY 8->7 | tile=(9,7,l0) terr=03 h=0 slope=0/0 corners=00 mark=20 flags=20
12:56:08.113 [u3|chr=82] unknown +0x1B9:00->01
12:56:08.341 [u3|chr=82] turnMark 1->0
12:56:08.595 [u6|chr=82] turnMark 0->1 | unknown +0x1B9:01->00
12:56:08.901 [TILES] mark+ x83: (0,0,l0)00->20 (1,0,l0)00->20 (2,0,l0)00->20 (4,0,l0)40->60 (5,0,l0)40->60 (6,0,l0)40->60 (7,0,l0)40->60 (8,0,l0)C0->E0 (9,0,l0)C0->E0 (10,0,l0)C0->E0 (11,0,l0)40->60 (1,1,l0)00->20 (2,1,l0)00->20 (3,1,l0)00->20 (4,1,l0)00->20 (5,1,l0)40->60 (6,1,l0)40->60 (8,1,l0)40->60 (9,1,l0)C0->E0 (10,1,l0)40->60 ...
12:56:08.952 [TILES] mark- x104: (0,0,l0)20->00 (1,0,l0)20->00 (2,0,l0)20->00 (4,0,l0)60->40 (5,0,l0)60->40 (6,0,l0)60->40 (7,0,l0)60->40 (8,0,l0)E0->C0 (9,0,l0)E0->C0 (10,0,l0)E0->C0 (11,0,l0)60->40 (1,1,l0)20->00 (2,1,l0)20->00 (3,1,l0)20->00 (4,1,l0)20->00 (5,1,l0)60->40 (6,1,l0)60->40 (8,1,l0)60->40 (9,1,l0)E0->C0 (10,1,l0)60->40 ...
12:56:09.562 [u6|chr=82] posX 3->4 | posY 8->5 | tile=(4,5,l0) terr=03 h=1 slope=1/0 corners=25 mark=20 flags=20
12:56:09.587 [u6|chr=82] unknown +0x1B9:00->01
12:56:09.841 [u6|chr=82] turnMark 1->0
12:56:10.069 [u0|chr=82] turnMark 0->1 | unknown +0x1B9:01->00
12:56:10.373 [GLOBAL] p68 0x1418564E0 -> 0x141853CE0
12:56:10.373 [GLOBAL] p70 0x14185669E -> 0x141853E9E == unit[0]+0x1BE
12:56:10.373 [TILES] mark+ x104: (0,0,l0)00->20 (1,0,l0)00->20 (2,0,l0)00->20 (4,0,l0)40->60 (5,0,l0)40->60 (6,0,l0)40->60 (7,0,l0)40->60 (8,0,l0)C0->E0 (9,0,l0)C0->E0 (10,0,l0)C0->E0 (11,0,l0)40->60 (1,1,l0)00->20 (2,1,l0)00->20 (3,1,l0)00->20 (4,1,l0)00->20 (5,1,l0)40->60 (6,1,l0)40->60 (8,1,l0)40->60 (9,1,l0)C0->E0 (10,1,l0)40->60 ...
12:56:10.424 [TILES] mark- x110: (0,0,l0)20->00 (1,0,l0)20->00 (2,0,l0)20->00 (4,0,l0)60->40 (5,0,l0)60->40 (6,0,l0)60->40 (7,0,l0)60->40 (8,0,l0)E0->C0 (9,0,l0)E0->C0 (10,0,l0)E0->C0 (11,0,l0)60->40 (1,1,l0)20->00 (2,1,l0)20->00 (3,1,l0)20->00 (4,1,l0)20->00 (5,1,l0)60->40 (6,1,l0)60->40 (8,1,l0)60->40 (9,1,l0)E0->C0 (10,1,l0)60->40 ...
12:56:10.983 [u0|chr=82] posY 10->7 | tile=(8,7,l0) terr=03 h=0 slope=0/0 corners=00 mark=20 flags=20
12:56:11.008 [u0|chr=82] unknown +0x1B9:00->01
12:56:11.263 [u0|chr=82] turnMark 1->0
12:56:11.492 [u2|chr=82] turnMark 0->1 | actOwner 1->0 | unknown +0x1B9:03->00
12:56:11.822 [GLOBAL] casterIdx 18 -> 2
12:56:11.822 [GLOBAL] p68 0x141853CE0 -> 0x1418540E0
12:56:11.822 [GLOBAL] p70 0x141853E9E -> 0x14185429E == unit[2]+0x1BE
12:56:11.822 [GLOBAL] p78 0x1418560E0 -> 0x1418540E0
12:56:11.822 [GLOBAL] statusPct 3854 -> 0
12:56:11.822 [TILES] mark+ x91: (0,0,l0)00->20 (1,0,l0)00->20 (2,0,l0)00->20 (5,0,l0)40->E0 (1,1,l0)00->20 (2,1,l0)00->20 (3,1,l0)00->20 (4,1,l0)00->60 (0,2,l0)00->20 (1,2,l0)00->20 (2,2,l0)00->20 (3,2,l0)00->20 (4,2,l0)00->20 (11,2,l0)00->20 (0,3,l0)00->20 (2,3,l0)00->20 (3,3,l0)00->20 (4,3,l0)00->20 (5,3,l0)00->20 (6,3,l0)00->20 ...
12:56:11.822 [TILES] mark- x23: (4,0,l0)40->00 (6,0,l0)40->20 (7,0,l0)40->20 (8,0,l0)C0->20 (9,0,l0)C0->20 (10,0,l0)C0->20 (11,0,l0)40->20 (5,1,l0)40->20 (6,1,l0)40->20 (7,1,l0)40->00 (8,1,l0)40->20 (9,1,l0)C0->20 (10,1,l0)40->20 (11,1,l0)40->00 (6,2,l0)40->20 (7,2,l0)40->20 (8,2,l0)40->20 (9,2,l0)40->00 (10,2,l0)40->20 (7,3,l0)40->20 ...
12:56:11.823 [u2|chr=82] evadeKind 0->8 | unknown +0x1BB:00->01 +0x1BE:01->00 +0x1CE:00->BA +0x1CF:00->01 +0x1E6:00->1B +0x1E7:00->01
12:56:11.823 [u16|chr=01] resMeta 0->130 | resFlag 0->8 | hitPct 100->0 | unknown +0x1BB:01->00 +0x1BE:01->00 +0x1DE:00->80
12:56:11.823 [u17|chr=80] unknown +0x1BB:01->00
12:56:11.823 [u18|chr=1E] unknown +0x1BB:01->00
12:56:11.823 [u19|chr=32] unknown +0x1BB:02->00
12:56:11.823 [u20|chr=1F] unknown +0x1BB:02->00
12:56:12.458 [GLOBAL] p68 0x1418540E0 -> 0x141855CE0
12:56:12.458 [GLOBAL] p70 0x14185429E -> 0x141855E9E == unit[16]+0x1BE
12:56:12.458 [GLOBAL] forecastObj 0x14185649E -> 0x141855E9E == unit[16]+0x1BE
12:56:12.458 [u16|chr=01] stagedDmg 0->100 | resFlag 8->128 | hitPct 0->1 | unknown +0x1BE:00->01 +0x1DE:80->00
12:56:12.865 [u2|chr=82] actOwner 0->1 | unknown +0x1BB:01->00 +0x1CE:BA->00 +0x1CF:01->00
12:56:13.246 [u16|chr=01] evadeKind 0->11 | stagedDmg 100->0 | resFlag 128->0 | hitPct 1->3 | unknown +0x1BE:01->00 +0x1CE:00->C3 +0x1CF:00->01
12:56:13.272 [u16|chr=01] unknown +0x1BB:00->01
12:56:13.425 [u16|chr=01] facing 2->1 | tile=(5,0,l0) terr=03 h=1 slope=0/0 corners=00 mark=E0 flags=28
12:56:13.882 [GLOBAL] p68 0x141855CE0 -> 0x1418540E0
12:56:13.882 [GLOBAL] p70 0x141855E9E -> 0x14185429E == unit[2]+0x1BE
12:56:13.883 [u2|chr=82] unknown +0x1BB:00->01 +0x1E6:1B->00 +0x1E7:01->00
12:56:13.933 [GLOBAL] abilityId 445 -> 451 (0x01C3)
12:56:13.934 [u16|chr=01] facing 1->2 | unknown +0x1CE:C3->00 +0x1CF:01->00 | tile=(5,0,l0) terr=03 h=1 slope=0/0 corners=00 mark=E0 flags=28
12:56:14.264 [u2|chr=82] turnMark 1->0 | evadeKind 8->0 | unknown +0x1BE:00->01
12:56:14.492 [u8|chr=82] turnMark 0->1 | unknown +0x1B9:01->00
12:56:14.772 [GLOBAL] p68 0x1418540E0 -> 0x141854CE0
12:56:14.772 [GLOBAL] p70 0x14185429E -> 0x141854E9E == unit[8]+0x1BE
12:56:14.772 [TILES] mark+ x1: (4,0,l0)00->20
12:56:14.772 [TILES] mark- x1: (3,2,l0)20->00
12:56:14.823 [TILES] mark- x113: (0,0,l0)20->00 (1,0,l0)20->00 (4,0,l0)20->00 (5,0,l0)E0->C0 (6,0,l0)20->00 (7,0,l0)20->00 (8,0,l0)20->00 (9,0,l0)20->00 (10,0,l0)20->00 (11,0,l0)20->00 (4,1,l0)60->40 (5,1,l0)20->00 (6,1,l0)20->00 (8,1,l0)20->00 (9,1,l0)20->00 (10,1,l0)20->00 (6,2,l0)20->00 (7,2,l0)20->00 (8,2,l0)20->00 (10,2,l0)20->00 ...
12:56:15.128 [u8|chr=82] posX 3->4 | tile=(4,2,l0) terr=03 h=1 slope=1/0 corners=85 mark=20 flags=20
12:56:15.153 [u8|chr=82] unknown +0x1B9:00->01
12:56:15.382 [u8|chr=82] turnMark 1->0
12:56:15.636 [u8|chr=82] facing 3->0 | tile=(4,2,l0) terr=03 h=1 slope=1/0 corners=85 mark=20 flags=20
12:56:15.636 [u17|chr=80] turnMark 0->1 | unknown +0x1B9:01->00
12:56:19.626 [GLOBAL] p68 0x141854CE0 -> 0x141855EE0
12:56:19.626 [GLOBAL] p70 0x141854E9E -> 0x14185609E == unit[17]+0x1BE
12:56:19.627 [u17|chr=80] turnMark 1->0 | stagedHeal 0->34 | resFlag 0->64 | unknown +0x1BB:00->01
12:56:20.337 [u17|chr=80] stagedHeal 34->0 | resFlag 64->0
12:56:20.337 [u18|chr=1E] turnMark 0->1
12:56:21.786 [GLOBAL] p68 0x141855EE0 -> 0x1418560E0
12:56:21.786 [GLOBAL] p70 0x14185609E -> 0x14185629E == unit[18]+0x1BE
12:56:21.786 [u18|chr=1E] turnMark 1->0
12:56:21.786 [u20|chr=1F] turnMark 0->1 | actOwner 1->0
12:56:33.955 [TILES] mark+ x24: (6,0,l0)00->40 (7,0,l0)00->40 (8,0,l0)00->40 (9,0,l0)00->40 (10,0,l0)00->40 (11,0,l0)00->40 (5,1,l0)00->40 (6,1,l0)00->40 (8,1,l0)00->40 (10,1,l0)00->40 (6,2,l0)00->40 (7,2,l0)00->40 (8,2,l0)00->40 (10,2,l0)00->40 (11,2,l0)00->40 (7,3,l0)00->40 (8,3,l0)00->40 (9,3,l0)00->40 (10,3,l0)00->40 (11,3,l0)00->40 ...
12:56:33.955 [TILES] mark- x2: (5,0,l0)C0->80 (4,1,l0)40->00
12:56:34.031 [TILES] mark- x1: (5,0,l0)80->00
12:56:34.184 [TILES] mark+ x1: (8,1,l0)40->C0
12:56:34.464 [TILES] mark+ x1: (8,0,l0)40->C0
12:56:34.464 [TILES] mark- x1: (8,1,l0)C0->40
12:56:34.693 [GLOBAL] p78 0x1418540E0 -> 0x1418564E0
12:56:34.693 [GLOBAL] forecastObj 0x141855E9E -> 0x14185629E == unit[18]+0x1BE
12:56:34.693 [GLOBAL] statusPct 0 -> 3854
12:56:34.693 [u18|chr=1E] evadeKind 0->7 | resMeta 0->2 | hitPct 100->0 | unknown +0x1BE:01->00
12:56:58.299 [GLOBAL] casterIdx 2 -> 20
12:56:58.299 [u2|chr=82] unknown +0x1BB:01->00
12:56:58.299 [u16|chr=01] unknown +0x1BB:01->00
12:56:58.299 [u17|chr=80] unknown +0x1BB:01->00
12:56:58.299 [u20|chr=1F] mp 174->168 | actOwner 0->1 | pendEpiX 9->8
12:57:00.435 [u20|chr=1F] evadeKind 0->8 | unknown +0x1BE:01->00
12:57:01.884 [SNAPSHOT] 15 units
12:57:01.884   u0[chr=82 job=61 team=3 lv=68 hp=386/386] pos=(8,7) face=0 turn=0/0 eff=0000000000 master=0000000000 pend=(00,0000,t=255) nib=0000000000000000000000
12:57:01.884   u1[chr=82 job=5E team=3 lv=68 hp=337/337] pos=(1,10) face=3 turn=0/0 eff=0000000000 master=0000000000 pend=(00,0000,t=255) nib=0000000000000000000000
12:57:01.884   u2[chr=82 job=67 team=3 lv=73 hp=469/469] pos=(4,0) face=3 turn=0/1 eff=0000000000 master=0000000000 pend=(B9,0118,t=255) nib=0000000000000000000000
12:57:01.884   u3[chr=82 job=5E team=3 lv=73 hp=367/367] pos=(9,7) face=0 turn=0/0 eff=0000000000 master=0000000000 pend=(00,0000,t=255) nib=0000000000000000000000
12:57:01.884   u4[chr=82 job=67 team=3 lv=71 hp=456/456] pos=(9,12) face=0 turn=0/0 eff=0000000000 master=0000000000 pend=(00,0000,t=255) nib=0000000000000000000000
12:57:01.884   u5[chr=82 job=61 team=3 lv=71 hp=425/425] pos=(2,11) face=0 turn=0/0 eff=0000000000 master=0000000000 pend=(00,0000,t=255) nib=0000000000000000000000
12:57:01.884   u6[chr=82 job=67 team=3 lv=68 hp=454/454] pos=(4,5) face=0 turn=0/0 eff=0000000000 master=0000000000 pend=(00,0000,t=255) nib=0000000000000000000000
12:57:01.884   u7[chr=82 job=5E team=3 lv=74 hp=346/346] pos=(0,2) face=3 turn=0/0 eff=0000000000 master=0000000000 pend=(00,0000,t=255) nib=0000000000000000000000
12:57:01.884   u8[chr=82 job=61 team=3 lv=73 hp=419/419] pos=(4,2) face=0 turn=0/0 eff=0000000000 master=0000000000 pend=(00,0000,t=255) nib=0000000000000000000000
12:57:01.885   u16[chr=01 job=A0 team=0 lv=76 hp=569/569] pos=(5,0) face=2 turn=0/0 eff=0000004000 master=0000000000 pend=(00,0000,t=255) nib=8484738576638888150181
12:57:01.885   u17[chr=80 job=59 team=0 lv=71 hp=277/277] pos=(4,1) face=1 turn=0/0 eff=0000304000 master=0000100000 pend=(00,0000,t=255) nib=8875835468546678140142
12:57:01.885   u18[chr=1E job=50 team=0 lv=70 hp=225/324] pos=(8,0) face=3 turn=0/0 eff=0000003000 master=0000000000 pend=(0B,0010,t=255) nib=8684526355324258101132
12:57:01.885   u19[chr=32 job=58 team=0 lv=69 hp=432/432] pos=(9,0) face=2 turn=0/0 eff=0020000000 master=0020000000 pend=(00,0000,t=255) nib=8363634654233285120131
12:57:01.885   u20[chr=1F job=52 team=0 lv=68 hp=191/314] pos=(9,1) face=0 turn=1/1 eff=0000000000 master=0000000000 pend=(45,00EA,t=255) nib=8363534385533355150131
12:57:01.885   u23[chr=66 job=73 team=58 lv=1 hp=606/620] pos=(5,152) face=5 turn=129/144 eff=072F074607 master=900D8190D4 pend=(5F,81F1,t=6) nib=9181C090E046BAB2AC0C94
12:57:02.063 [u18|chr=1E] unknown +0x1BB:00->01
12:57:02.063 [u20|chr=1F] facing 0->1 | tile=(9,1,l0) terr=03 h=1 slope=0/0 corners=00 mark=00 flags=20
12:57:06.127 [GLOBAL] p68 0x1418560E0 -> 0x1418564E0
12:57:06.127 [GLOBAL] p70 0x14185629E -> 0x14185669E == unit[20]+0x1BE
12:57:06.127 [u20|chr=1F] unknown +0x1BB:00->01
12:57:19.597 [GLOBAL] statusPct 3854 -> 0
12:57:41.931 [UNIT-GONE] u0
12:57:41.931 [UNIT-GONE] u1
12:57:41.931 [UNIT-GONE] u2
12:57:41.931 [UNIT-GONE] u3
12:57:41.931 [UNIT-GONE] u4
12:57:41.931 [UNIT-GONE] u5
12:57:41.931 [UNIT-GONE] u6
12:57:41.931 [UNIT-GONE] u7
12:57:41.931 [UNIT-GONE] u8
12:57:41.931 [UNIT-GONE] u16
12:57:41.931 [UNIT-GONE] u17
12:57:41.931 [UNIT-GONE] u18
12:57:41.931 [UNIT-GONE] u19
12:57:41.931 [UNIT-GONE] u20
12:57:42.059 [TILES] mark+ x79: (1,0,l0)00->20 (4,0,l0)00->20 (5,0,l0)00->20 (4,1,l0)00->20 (9,1,l0)00->20 (3,2,l0)00->20 (0,3,l0)00->20 (6,3,l0)00->20 (0,4,l0)00->20 (1,4,l0)00->20 (5,4,l0)00->20 (6,4,l0)00->20 (7,4,l0)00->20 (0,5,l0)00->20 (1,5,l0)00->20 (4,5,l0)00->20 (6,5,l0)00->20 (8,5,l0)00->20 (10,5,l0)00->20 (11,5,l0)00->20 ...
12:57:42.059 [TILES] mark- x25: (6,0,l0)40->20 (7,0,l0)40->20 (8,0,l0)C0->20 (9,0,l0)40->20 (10,0,l0)40->20 (11,0,l0)40->00 (5,1,l0)40->20 (6,1,l0)40->20 (8,1,l0)40->20 (10,1,l0)40->20 (6,2,l0)40->20 (7,2,l0)40->20 (8,2,l0)40->20 (10,2,l0)40->20 (11,2,l0)40->20 (3,3,l0)20->00 (7,3,l0)40->20 (8,3,l0)40->20 (9,3,l0)40->20 (10,3,l0)40->20 ...
12:57:42.186 [UNIT-NEW] u0[chr=82 job=61 team=3 lv=68 hp=405/405] ptr=0x141853CE0
12:57:42.186   u0[chr=82 job=61 team=3 lv=68 hp=405/405] pos=(10,11) face=0 turn=0/0 eff=0000000000 master=0000000000 pend=(00,0000,t=255) nib=0000000000000000000000
12:57:42.186   u0 tile=(10,11,l0) terr=06 h=2 slope=0/0 corners=00 mark=20 flags=20
12:57:42.186 [UNIT-NEW] u1[chr=82 job=5E team=3 lv=67 hp=328/328] ptr=0x141853EE0
12:57:42.186   u1[chr=82 job=5E team=3 lv=67 hp=328/328] pos=(1,10) face=3 turn=0/0 eff=0000000000 master=0000000000 pend=(00,0000,t=255) nib=0000000000000000000000
12:57:42.186   u1 tile=(1,10,l0) terr=03 h=1 slope=0/0 corners=00 mark=20 flags=20
12:57:42.186 [UNIT-NEW] u2[chr=82 job=67 team=3 lv=73 hp=485/485] ptr=0x1418540E0
12:57:42.186   u2[chr=82 job=67 team=3 lv=73 hp=485/485] pos=(1,1) face=3 turn=0/0 eff=0000000000 master=0000000000 pend=(00,0000,t=255) nib=0000000000000000000000
12:57:42.186   u2 tile=(1,1,l0) terr=06 h=2 slope=0/0 corners=00 mark=20 flags=10
12:57:42.186 [UNIT-NEW] u3[chr=82 job=5E team=3 lv=71 hp=357/357] ptr=0x1418542E0
12:57:42.186   u3[chr=82 job=5E team=3 lv=71 hp=357/357] pos=(9,12) face=0 turn=0/0 eff=0000000000 master=0000000000 pend=(00,0000,t=255) nib=0000000000000000000000
12:57:42.186   u3 tile=(9,12,l0) terr=03 h=0 slope=2/0 corners=52 mark=20 flags=20
12:57:42.186 [UNIT-NEW] u4[chr=82 job=67 team=3 lv=73 hp=474/474] ptr=0x1418544E0
12:57:42.186   u4[chr=82 job=67 team=3 lv=73 hp=474/474] pos=(9,12) face=0 turn=0/0 eff=0000000000 master=0000000000 pend=(00,0000,t=255) nib=0000000000000000000000
12:57:42.186   u4 tile=(9,12,l0) terr=03 h=0 slope=2/0 corners=52 mark=20 flags=20
12:57:42.186 [UNIT-NEW] u5[chr=82 job=61 team=3 lv=76 hp=447/447] ptr=0x1418546E0
12:57:42.186   u5[chr=82 job=61 team=3 lv=76 hp=447/447] pos=(2,11) face=0 turn=0/0 eff=0000000000 master=0000000000 pend=(00,0000,t=255) nib=0000000000000000000000
12:57:42.186   u5 tile=(2,11,l0) terr=06 h=2 slope=0/0 corners=00 mark=20 flags=10
12:57:42.186 [UNIT-NEW] u6[chr=82 job=67 team=3 lv=68 hp=449/449] ptr=0x1418548E0
12:57:42.186   u6[chr=82 job=67 team=3 lv=68 hp=449/449] pos=(2,11) face=0 turn=0/0 eff=0000000000 master=0000000000 pend=(00,0000,t=255) nib=0000000000000000000000
12:57:42.186   u6 tile=(2,11,l0) terr=06 h=2 slope=0/0 corners=00 mark=20 flags=10
12:57:42.186 [UNIT-NEW] u7[chr=82 job=5E team=3 lv=69 hp=324/324] ptr=0x141854AE0
12:57:42.186   u7[chr=82 job=5E team=3 lv=69 hp=324/324] pos=(0,2) face=3 turn=0/0 eff=0000000000 master=0000000000 pend=(00,0000,t=255) nib=0000000000000000000000
12:57:42.186   u7 tile=(0,2,l0) terr=03 h=1 slope=0/0 corners=00 mark=20 flags=20
12:57:42.186 [UNIT-NEW] u8[chr=82 job=61 team=3 lv=67 hp=383/383] ptr=0x141854CE0
12:57:42.186   u8[chr=82 job=61 team=3 lv=67 hp=383/383] pos=(0,2) face=3 turn=0/0 eff=0000000000 master=0000000000 pend=(00,0000,t=255) nib=0000000000000000000000
12:57:42.186   u8 tile=(0,2,l0) terr=03 h=1 slope=0/0 corners=00 mark=20 flags=20
12:57:43.580 [GLOBAL] casterIdx 20 -> 2
12:57:43.580 [GLOBAL] p60 0x14186AFC0 -> 0x0
12:57:43.580 [GLOBAL] p68 0x1418564E0 -> 0x0
12:57:43.580 [GLOBAL] p70 0x14185669E -> 0x0
12:57:43.580 [GLOBAL] p78 0x1418564E0 -> 0x0
12:57:43.580 [TILES] mark+ x3: (5,0,l0)20->C0 (4,1,l0)20->40 (3,3,l0)00->20
12:57:43.580 [TILES] mark- x100: (1,0,l0)20->00 (4,0,l0)20->00 (6,0,l0)20->00 (7,0,l0)20->00 (8,0,l0)20->00 (9,0,l0)20->00 (10,0,l0)20->00 (5,1,l0)20->00 (6,1,l0)20->00 (8,1,l0)20->00 (9,1,l0)20->00 (10,1,l0)20->00 (3,2,l0)20->00 (6,2,l0)20->00 (7,2,l0)20->00 (8,2,l0)20->00 (10,2,l0)20->00 (11,2,l0)20->00 (0,3,l0)20->00 (6,3,l0)20->00 ...
12:57:43.580 [u0|chr=82] brave 67->69 | faith 47->69 | hp 405->386 | maxHp 405->386 | posX 10->8 | posY 11->7 | hitPct 0->100 | unknown +0x8:1B->85 +0x9:A0->10 +0x28:63->29 +0x2A:43->45 +0x2C:2F->45 +0x2E:00->01 +0x39:29->2D +0x3F:29->2D +0x7B:E3->FC +0x7C:AC->8A +0x7D:56->52 +0x7E:39->8F +0x7F:95->B4 +0x84:BB->79 +0x85:8C->86 +0x87:A0->C2 (+5 more) | tile=(8,7,l0) terr=03 h=0 slope=0/0 corners=00 mark=00 flags=20
12:57:43.580 [u1|chr=82] slotIdx 1->255 | level 67->68 | brave 52->50 | faith 54->47 | hp 328->337 | maxHp 328->337 | mp 26->28 | maxMp 26->28 | unknown +0x8:55->82 +0x9:00->10 +0x28:3E->4E +0x2A:34->32 +0x2C:36->2F +0x38:0E->0F +0x39:33->31 +0x3E:0E->0F +0x3F:33->31 +0x7B:C0->77 +0x7C:F3->18 +0x7D:4B->4E +0x7E:92->19 +0x7F:8B->13 +0x80:06->07 +0x81:AA->DF (+7 more)
12:57:43.580 [u2|chr=82] brave 49->48 | faith 58->54 | hp 485->469 | maxHp 485->469 | mp 14->13 | maxMp 14->13 | posX 1->4 | posY 1->0 | actOwner 0->1 | pendType 0->185 | pendAbilityId 0->280 (0x0118) | pendAA 0->5 | pendEpiX 0->5 | hitPct 0->100 | unknown +0x8:A8->4A +0x9:20->B0 +0x28:60->07 +0x2A:31->30 +0x2C:3A->36 +0x2E:00->01 +0x7B:EF->2E +0x7C:9D->21 +0x7D:68->65 +0x7E:AA->9F +0x7F:16->F5 +0x80:07->06 +0x84:E9->96 +0x85:0C->F3 +0x86:04->03 +0x87:E1->32 (+8 more) | tile=(4,0,l0) terr=03 h=1 slope=0/0 corners=00 mark=00 flags=20
12:57:43.581 [u3|chr=82] slotIdx 255->3 | level 71->73 | brave 53->52 | faith 68->51 | hp 357->367 | maxHp 357->367 | mp 26->28 | maxMp 26->28 | posY 12->7 | hitPct 0->100 | unknown +0x8:EB->A0 +0x9:50->20 +0x28:4F->1F +0x2A:35->34 +0x2C:44->33 +0x2E:00->01 +0x38:0E->0F +0x39:31->36 +0x3E:0E->0F +0x3F:31->36 +0x7B:D9->84 +0x7C:CA->26 +0x7D:52->55 +0x7E:79->63 +0x7F:A6->38 +0x80:06->07 (+11 more) | tile=(9,7,l0) terr=03 h=0 slope=0/0 corners=00 mark=00 flags=20
12:57:43.581 [u4|chr=82] slotIdx 4->255 | level 73->71 | faith 58->73 | hp 474->456 | maxHp 474->456 | unknown +0x8:59->00 +0x9:00->51 +0x28:0F->17 +0x2C:3A->49 +0x39:34->31 +0x3F:34->31 +0x7B:53->EF +0x7C:57->64 +0x7D:66->62 +0x7E:50->2A +0x7F:3F->25 +0x81:C0->50 +0x82:4B->44 +0x85:F3->ED +0x87:A4->A6 +0x88:83->7D (+3 more)
12:57:43.581 [u5|chr=82] level 76->71 | brave 59->54 | faith 53->63 | hp 447->425 | maxHp 447->425 | mp 11->10 | maxMp 11->10 | unknown +0x8:6D->40 +0x9:91->B0 +0x28:16->1D +0x2A:3B->36 +0x2C:35->3F +0x38:0E->0D +0x39:2F->2A +0x3E:0E->0D +0x3F:2F->2A +0x7B:03->CB +0x7C:8D->F8 +0x7D:5F->5A +0x7E:7F->48 +0x7F:76->8B +0x80:07->06 +0x81:E8->50 (+7 more)
12:57:43.581 [u6|chr=82] brave 67->53 | faith 61->49 | hp 449->454 | maxHp 449->454 | mp 13->14 | maxMp 13->14 | posX 2->4 | posY 11->5 | hitPct 0->100 | unknown +0x8:7C->D3 +0x9:10->40 +0x28:35->3D +0x2A:43->35 +0x2C:3D->31 +0x2E:00->01 +0x38:0E->0D +0x39:30->2C +0x3E:0E->0D +0x3F:30->2C +0x7B:A3->07 +0x7C:DA->DB +0x7D:60->61 +0x7E:D6->94 +0x7F:FB->11 +0x80:06->07 (+8 more) | tile=(4,5,l0) terr=03 h=1 slope=1/0 corners=25 mark=00 flags=20
12:57:43.581 [u7|chr=82] slotIdx 7->255 | level 69->74 | brave 60->68 | faith 62->45 | hp 324->346 | maxHp 324->346 | unknown +0x8:5A->C6 +0x9:81->30 +0x28:32->5C +0x2A:3C->44 +0x2C:3E->2D +0x38:10->11 +0x39:2D->30 +0x3E:10->11 +0x3F:2D->30 +0x7B:E1->AF +0x7C:20->34 +0x7D:4B->50 +0x7E:28->AA +0x7F:11->10 +0x81:14->1D +0x82:5E->73 (+6 more)
12:57:43.581 [u8|chr=82] slotIdx 255->8 | level 67->73 | brave 57->53 | faith 64->56 | hp 383->419 | maxHp 383->419 | mp 10->11 | maxMp 10->11 | posX 0->4 | facing 3->0 | hitPct 0->100 | unknown +0x8:00->AD +0x9:51->30 +0x28:4E->10 +0x2A:39->35 +0x2C:40->38 +0x2E:00->01 +0x38:0D->0E +0x39:2E->2F +0x3E:0D->0E +0x3F:2E->2F +0x7B:85->52 +0x7C:E0->A1 +0x7D:51->59 +0x7E:7A->1A +0x7F:42->4A +0x80:06->07 (+11 more) | tile=(4,2,l0) terr=03 h=1 slope=1/0 corners=85 mark=20 flags=20
12:57:43.581 [UNIT-NEW] u16[chr=01 job=A0 team=0 lv=76 hp=569/569] ptr=0x141855CE0
12:57:43.581   u16[chr=01 job=A0 team=0 lv=76 hp=569/569] pos=(5,0) face=2 turn=0/0 eff=0000004000 master=0000000000 pend=(00,0000,t=255) nib=8484738576638888150181
12:57:43.581   u16 tile=(5,0,l0) terr=03 h=1 slope=0/0 corners=00 mark=C0 flags=28
12:57:43.581 [UNIT-NEW] u17[chr=80 job=59 team=0 lv=71 hp=277/277] ptr=0x141855EE0
12:57:43.581   u17[chr=80 job=59 team=0 lv=71 hp=277/277] pos=(4,1) face=1 turn=0/0 eff=0000304000 master=0000100000 pend=(00,0000,t=255) nib=8875835468546678140142
12:57:43.581   u17 tile=(4,1,l0) terr=03 h=1 slope=0/0 corners=00 mark=40 flags=20
12:57:43.582 [UNIT-NEW] u18[chr=1E job=50 team=0 lv=70 hp=225/324] ptr=0x1418560E0
12:57:43.582   u18[chr=1E job=50 team=0 lv=70 hp=225/324] pos=(8,0) face=3 turn=0/0 eff=0000003000 master=0000000000 pend=(0B,0010,t=255) nib=8684526355324258101132
12:57:43.582   u18 tile=(8,0,l0) terr=03 h=1 slope=1/0 corners=58 mark=00 flags=24
12:57:43.582 [UNIT-NEW] u19[chr=32 job=58 team=0 lv=69 hp=432/432] ptr=0x1418562E0
12:57:43.582   u19[chr=32 job=58 team=0 lv=69 hp=432/432] pos=(9,0) face=2 turn=0/0 eff=0020000000 master=0020000000 pend=(00,0000,t=255) nib=8363634654233285120131
12:57:43.582   u19 tile=(9,0,l0) terr=03 h=1 slope=0/0 corners=00 mark=00 flags=20
12:57:43.582 [UNIT-NEW] u20[chr=1F job=52 team=0 lv=68 hp=191/314] ptr=0x1418564E0
12:57:43.582   u20[chr=1F job=52 team=0 lv=68 hp=191/314] pos=(9,1) face=0 turn=1/0 eff=0000000000 master=0000000000 pend=(45,00EA,t=255) nib=8363534385533355150131
12:57:43.582   u20 tile=(9,1,l0) terr=03 h=1 slope=0/0 corners=00 mark=00 flags=20
12:57:44.547 [TILES] mark+ x30: (6,0,l0)00->20 (7,0,l0)00->20 (10,0,l0)00->20 (11,0,l0)00->20 (5,1,l0)00->20 (6,1,l0)00->20 (8,1,l0)00->20 (10,1,l0)00->20 (6,2,l0)00->20 (7,2,l0)00->20 (8,2,l0)00->20 (10,2,l0)00->20 (11,2,l0)00->20 (6,3,l0)00->20 (7,3,l0)00->20 (8,3,l0)00->20 (9,3,l0)00->20 (10,3,l0)00->20 (11,3,l0)00->20 (6,4,l0)00->20 ...
12:57:44.547 [TILES] mark- x14: (2,0,l0)20->00 (1,1,l0)20->00 (2,1,l0)20->00 (3,1,l0)20->00 (0,2,l0)20->00 (1,2,l0)20->00 (2,2,l0)20->00 (4,2,l0)20->00 (2,3,l0)20->00 (3,3,l0)20->00 (4,3,l0)20->00 (2,4,l0)20->00 (3,4,l0)20->00 (4,4,l0)20->00
12:57:48.279 [u20|chr=1F] posX 9->6 | facing 0->2 | tile=(6,1,l0) terr=03 h=2 slope=0/0 corners=85 mark=20 flags=28
12:57:48.355 [u20|chr=1F] unknown +0x1B9:00->01
12:57:51.275 [TILES] mark+ x25: (4,0,l0)00->40 (6,0,l0)20->60 (7,0,l0)20->60 (8,0,l0)00->40 (9,0,l0)00->40 (2,1,l0)00->40 (3,1,l0)00->40 (5,1,l0)20->60 (8,1,l0)20->60 (9,1,l0)00->40 (10,1,l0)20->60 (3,2,l0)00->40 (4,2,l0)00->40 (6,2,l0)20->60 (7,2,l0)20->60 (8,2,l0)20->60 (4,3,l0)00->40 (5,3,l0)20->60 (6,3,l0)20->60 (7,3,l0)20->60 ...
12:57:51.351 [TILES] mark- x1: (5,0,l0)C0->40
12:57:51.453 [TILES] mark+ x1: (5,1,l0)60->E0
12:57:51.656 [TILES] mark+ x1: (4,1,l0)40->C0
12:57:51.656 [TILES] mark- x1: (5,1,l0)E0->60
12:57:51.808 [GLOBAL] p60 0x0 -> 0x14186AFC0
12:57:51.809 [GLOBAL] p68 0x0 -> 0x141855EE0
12:57:51.809 [GLOBAL] p70 0x0 -> 0x14185609E == unit[17]+0x1BE
12:57:51.809 [GLOBAL] p78 0x0 -> 0x1418564E0
12:57:51.809 [GLOBAL] forecastObj 0x14185629E -> 0x14185609E == unit[17]+0x1BE
12:57:51.809 [GLOBAL] statusPct 0 -> 3854
12:57:51.809 [u17|chr=80] resMeta 0->2 | resFlag 0->8 | unknown +0x1DC:00->20
12:58:01.897 [SNAPSHOT] 15 units
12:58:01.897   u0[chr=82 job=61 team=3 lv=68 hp=386/386] pos=(8,7) face=0 turn=0/0 eff=0000000000 master=0000000000 pend=(00,0000,t=255) nib=0000000000000000000000
12:58:01.897   u1[chr=82 job=5E team=3 lv=68 hp=337/337] pos=(1,10) face=3 turn=0/0 eff=0000000000 master=0000000000 pend=(00,0000,t=255) nib=0000000000000000000000
12:58:01.897   u2[chr=82 job=67 team=3 lv=73 hp=469/469] pos=(4,0) face=3 turn=0/1 eff=0000000000 master=0000000000 pend=(B9,0118,t=255) nib=0000000000000000000000
12:58:01.897   u3[chr=82 job=5E team=3 lv=73 hp=367/367] pos=(9,7) face=0 turn=0/0 eff=0000000000 master=0000000000 pend=(00,0000,t=255) nib=0000000000000000000000
12:58:01.897   u4[chr=82 job=67 team=3 lv=71 hp=456/456] pos=(9,12) face=0 turn=0/0 eff=0000000000 master=0000000000 pend=(00,0000,t=255) nib=0000000000000000000000
12:58:01.897   u5[chr=82 job=61 team=3 lv=71 hp=425/425] pos=(2,11) face=0 turn=0/0 eff=0000000000 master=0000000000 pend=(00,0000,t=255) nib=0000000000000000000000
12:58:01.897   u6[chr=82 job=67 team=3 lv=68 hp=454/454] pos=(4,5) face=0 turn=0/0 eff=0000000000 master=0000000000 pend=(00,0000,t=255) nib=0000000000000000000000
12:58:01.897   u7[chr=82 job=5E team=3 lv=74 hp=346/346] pos=(0,2) face=3 turn=0/0 eff=0000000000 master=0000000000 pend=(00,0000,t=255) nib=0000000000000000000000
12:58:01.897   u8[chr=82 job=61 team=3 lv=73 hp=419/419] pos=(4,2) face=0 turn=0/0 eff=0000000000 master=0000000000 pend=(00,0000,t=255) nib=0000000000000000000000
12:58:01.897   u16[chr=01 job=A0 team=0 lv=76 hp=569/569] pos=(5,0) face=2 turn=0/0 eff=0000004000 master=0000000000 pend=(00,0000,t=255) nib=8484738576638888150181
12:58:01.897   u17[chr=80 job=59 team=0 lv=71 hp=277/277] pos=(4,1) face=1 turn=0/0 eff=0000304000 master=0000100000 pend=(00,0000,t=255) nib=8875835468546678140142
12:58:01.897   u18[chr=1E job=50 team=0 lv=70 hp=225/324] pos=(8,0) face=3 turn=0/0 eff=0000003000 master=0000000000 pend=(0B,0010,t=255) nib=8684526355324258101132
12:58:01.897   u19[chr=32 job=58 team=0 lv=69 hp=432/432] pos=(9,0) face=2 turn=0/0 eff=0020000000 master=0020000000 pend=(00,0000,t=255) nib=8363634654233285120131
12:58:01.897   u20[chr=1F job=52 team=0 lv=68 hp=191/314] pos=(6,1) face=2 turn=1/0 eff=0000000000 master=0000000000 pend=(45,00EA,t=255) nib=8363534385533355150131
12:58:01.897   u23[chr=66 job=73 team=58 lv=1 hp=606/620] pos=(5,152) face=5 turn=129/144 eff=072F074607 master=900D8190D4 pend=(5F,81F1,t=6) nib=9181C090E046BAB2AC0C94
12:58:04.053 [u20|chr=1F] turnMark 1->0 | actOwner 0->1 | pendEpiX 9->4 | pendEpiY 0->1 | unknown +0x1B9:01->03
12:58:04.079 [GLOBAL] casterIdx 2 -> 20
12:58:04.079 [u2|chr=82] unknown +0x1BB:01->00
12:58:04.079 [u16|chr=01] unknown +0x1BB:01->00
12:58:04.079 [u17|chr=80] unknown +0x1BB:01->00
12:58:04.079 [u20|chr=1F] mp 174->168
12:58:06.238 [u20|chr=1F] evadeKind 0->8 | unknown +0x1BE:01->00
12:58:07.890 [u17|chr=80] status.eff[1] 00->20 [+Darkness] | status.master[1] 00->20 [+Darkness] | unknown +0x1BB:00->02
12:58:07.890 [u20|chr=1F] facing 2->1 | tile=(6,1,l0) terr=03 h=2 slope=0/0 corners=85 mark=20 flags=28
12:58:11.978 [GLOBAL] p68 0x141855EE0 -> 0x1418564E0
12:58:11.978 [GLOBAL] p70 0x14185609E -> 0x14185669E == unit[20]+0x1BE
12:58:11.978 [u20|chr=1F] unknown +0x1BB:00->01
12:58:12.080 [u16|chr=01] JP1[8] 1993->2003 | JP2[8] 2413->2423
12:58:12.081 [u17|chr=80] JP1[8] 1733->1743 | JP2[8] 1733->1743
12:58:12.081 [u18|chr=1E] JP1[8] 1276->1286 | JP2[8] 1276->1286
12:58:12.081 [u19|chr=32] JP1[8] 1429->1439 | JP2[8] 1429->1439
12:58:12.081 [u20|chr=1F] JP1[8] 1896->1949 | JP2[8] 7976->8029 | unknown +0x28:1E->2B
12:59:01.907 [SNAPSHOT] 15 units
12:59:01.908   u0[chr=82 job=61 team=3 lv=68 hp=386/386] pos=(8,7) face=0 turn=0/0 eff=0000000000 master=0000000000 pend=(00,0000,t=255) nib=0000000000000000000000
12:59:01.908   u1[chr=82 job=5E team=3 lv=68 hp=337/337] pos=(1,10) face=3 turn=0/0 eff=0000000000 master=0000000000 pend=(00,0000,t=255) nib=0000000000000000000000
12:59:01.908   u2[chr=82 job=67 team=3 lv=73 hp=469/469] pos=(4,0) face=3 turn=0/1 eff=0000000000 master=0000000000 pend=(B9,0118,t=255) nib=0000000000000000000000
12:59:01.908   u3[chr=82 job=5E team=3 lv=73 hp=367/367] pos=(9,7) face=0 turn=0/0 eff=0000000000 master=0000000000 pend=(00,0000,t=255) nib=0000000000000000000000
12:59:01.908   u4[chr=82 job=67 team=3 lv=71 hp=456/456] pos=(9,12) face=0 turn=0/0 eff=0000000000 master=0000000000 pend=(00,0000,t=255) nib=0000000000000000000000
12:59:01.908   u5[chr=82 job=61 team=3 lv=71 hp=425/425] pos=(2,11) face=0 turn=0/0 eff=0000000000 master=0000000000 pend=(00,0000,t=255) nib=0000000000000000000000
12:59:01.908   u6[chr=82 job=67 team=3 lv=68 hp=454/454] pos=(4,5) face=0 turn=0/0 eff=0000000000 master=0000000000 pend=(00,0000,t=255) nib=0000000000000000000000
12:59:01.908   u7[chr=82 job=5E team=3 lv=74 hp=346/346] pos=(0,2) face=3 turn=0/0 eff=0000000000 master=0000000000 pend=(00,0000,t=255) nib=0000000000000000000000
12:59:01.908   u8[chr=82 job=61 team=3 lv=73 hp=419/419] pos=(4,2) face=0 turn=0/0 eff=0000000000 master=0000000000 pend=(00,0000,t=255) nib=0000000000000000000000
12:59:01.908   u16[chr=01 job=A0 team=0 lv=76 hp=569/569] pos=(5,0) face=2 turn=0/0 eff=0000004000 master=0000000000 pend=(00,0000,t=255) nib=8484738576638888150181
12:59:01.908   u17[chr=80 job=59 team=0 lv=71 hp=277/277] pos=(4,1) face=1 turn=0/0 eff=0020304000 master=0020100000 pend=(00,0000,t=255) nib=8875835468546678140142
12:59:01.908   u18[chr=1E job=50 team=0 lv=70 hp=225/324] pos=(8,0) face=3 turn=0/0 eff=0000003000 master=0000000000 pend=(0B,0010,t=255) nib=8684526355324258101132
12:59:01.908   u19[chr=32 job=58 team=0 lv=69 hp=432/432] pos=(9,0) face=2 turn=0/0 eff=0020000000 master=0020000000 pend=(00,0000,t=255) nib=8363634654233285120131
12:59:01.908   u20[chr=1F job=52 team=0 lv=68 hp=191/314] pos=(6,1) face=1 turn=0/1 eff=0000000000 master=0000000000 pend=(45,00EA,t=255) nib=8363534385533355150131
12:59:01.908   u23[chr=66 job=73 team=58 lv=1 hp=606/620] pos=(5,152) face=5 turn=129/144 eff=072F074607 master=900D8190D4 pend=(5F,81F1,t=6) nib=9181C090E046BAB2AC0C94
